                                      1 ;--------------------------------------------------------
                                      2 ; File Created by SDCC : free open source ANSI-C Compiler
                                      3 ; Version 3.8.0 #10562 (Mac OS X x86_64)
                                      4 ;--------------------------------------------------------
                                      5 	.module stm8s_gpio
                                      6 	.optsdcc -mstm8
                                      7 	
                                      8 ;--------------------------------------------------------
                                      9 ; Public variables in this module
                                     10 ;--------------------------------------------------------
                                     11 	.globl _GPIO_DeInit
                                     12 	.globl _GPIO_Init
                                     13 	.globl _GPIO_Write
                                     14 	.globl _GPIO_WriteHigh
                                     15 	.globl _GPIO_WriteLow
                                     16 	.globl _GPIO_WriteReverse
                                     17 	.globl _GPIO_ReadOutputData
                                     18 	.globl _GPIO_ReadInputData
                                     19 	.globl _GPIO_ReadInputPin
                                     20 	.globl _GPIO_ExternalPullUpConfig
                                     21 ;--------------------------------------------------------
                                     22 ; ram data
                                     23 ;--------------------------------------------------------
                                     24 	.area DATA
                                     25 ;--------------------------------------------------------
                                     26 ; ram data
                                     27 ;--------------------------------------------------------
                                     28 	.area INITIALIZED
                                     29 ;--------------------------------------------------------
                                     30 ; absolute external ram data
                                     31 ;--------------------------------------------------------
                                     32 	.area DABS (ABS)
                                     33 
                                     34 ; default segment ordering for linker
                                     35 	.area HOME
                                     36 	.area GSINIT
                                     37 	.area GSFINAL
                                     38 	.area CONST
                                     39 	.area INITIALIZER
                                     40 	.area CODE
                                     41 
                                     42 ;--------------------------------------------------------
                                     43 ; global & static initialisations
                                     44 ;--------------------------------------------------------
                                     45 	.area HOME
                                     46 	.area GSINIT
                                     47 	.area GSFINAL
                                     48 	.area GSINIT
                                     49 ;--------------------------------------------------------
                                     50 ; Home
                                     51 ;--------------------------------------------------------
                                     52 	.area HOME
                                     53 	.area HOME
                                     54 ;--------------------------------------------------------
                                     55 ; code
                                     56 ;--------------------------------------------------------
                                     57 	.area CODE
                                     58 ;	./STM8S_StdPeriph_Driver/src/stm8s_gpio.c: 53: void GPIO_DeInit(GPIO_TypeDef* GPIOx)
                                     59 ; genLabel
                                     60 ;	-----------------------------------------
                                     61 ;	 function GPIO_DeInit
                                     62 ;	-----------------------------------------
                                     63 ;	Register assignment might be sub-optimal.
                                     64 ;	Stack space usage: 0 bytes.
      000000                         65 _GPIO_DeInit:
                                     66 ;	./STM8S_StdPeriph_Driver/src/stm8s_gpio.c: 55: GPIOx->ODR = GPIO_ODR_RESET_VALUE; /* Reset Output Data Register */
                                     67 ; genAssign
      000000 16 03            [ 2]   68 	ldw	y, (0x03, sp)
                                     69 ; genPointerSet
      000002 90 7F            [ 1]   70 	clr	(y)
                                     71 ;	./STM8S_StdPeriph_Driver/src/stm8s_gpio.c: 56: GPIOx->DDR = GPIO_DDR_RESET_VALUE; /* Reset Data Direction Register */
                                     72 ; genPlus
      000004 93               [ 1]   73 	ldw	x, y
      000005 5C               [ 1]   74 	incw	x
      000006 5C               [ 1]   75 	incw	x
                                     76 ; genPointerSet
      000007 7F               [ 1]   77 	clr	(x)
                                     78 ;	./STM8S_StdPeriph_Driver/src/stm8s_gpio.c: 57: GPIOx->CR1 = GPIO_CR1_RESET_VALUE; /* Reset Control Register 1 */
                                     79 ; genPlus
      000008 93               [ 1]   80 	ldw	x, y
      000009 1C 00 03         [ 2]   81 	addw	x, #0x0003
                                     82 ; genPointerSet
      00000C 7F               [ 1]   83 	clr	(x)
                                     84 ;	./STM8S_StdPeriph_Driver/src/stm8s_gpio.c: 58: GPIOx->CR2 = GPIO_CR2_RESET_VALUE; /* Reset Control Register 2 */
                                     85 ; genPlus
      00000D 93               [ 1]   86 	ldw	x, y
      00000E 1C 00 04         [ 2]   87 	addw	x, #0x0004
                                     88 ; genPointerSet
      000011 7F               [ 1]   89 	clr	(x)
                                     90 ; genLabel
      000012                         91 00101$:
                                     92 ;	./STM8S_StdPeriph_Driver/src/stm8s_gpio.c: 59: }
                                     93 ; genEndFunction
      000012 81               [ 4]   94 	ret
                                     95 ;	./STM8S_StdPeriph_Driver/src/stm8s_gpio.c: 71: void GPIO_Init(GPIO_TypeDef* GPIOx, GPIO_Pin_TypeDef GPIO_Pin, GPIO_Mode_TypeDef GPIO_Mode)
                                     96 ; genLabel
                                     97 ;	-----------------------------------------
                                     98 ;	 function GPIO_Init
                                     99 ;	-----------------------------------------
                                    100 ;	Register assignment might be sub-optimal.
                                    101 ;	Stack space usage: 5 bytes.
      000013                        102 _GPIO_Init:
      000013 52 05            [ 2]  103 	sub	sp, #5
                                    104 ;	./STM8S_StdPeriph_Driver/src/stm8s_gpio.c: 81: GPIOx->CR2 &= (uint8_t)(~(GPIO_Pin));
                                    105 ; genAssign
      000015 16 08            [ 2]  106 	ldw	y, (0x08, sp)
                                    107 ; genPlus
      000017 93               [ 1]  108 	ldw	x, y
      000018 1C 00 04         [ 2]  109 	addw	x, #0x0004
      00001B 1F 04            [ 2]  110 	ldw	(0x04, sp), x
                                    111 ; genPointerGet
      00001D 1E 04            [ 2]  112 	ldw	x, (0x04, sp)
      00001F F6               [ 1]  113 	ld	a, (x)
                                    114 ; genCpl
      000020 88               [ 1]  115 	push	a
      000021 7B 0B            [ 1]  116 	ld	a, (0x0b, sp)
      000023 43               [ 1]  117 	cpl	a
      000024 6B 04            [ 1]  118 	ld	(0x04, sp), a
      000026 84               [ 1]  119 	pop	a
                                    120 ; genAnd
      000027 14 03            [ 1]  121 	and	a, (0x03, sp)
                                    122 ; genPointerSet
      000029 1E 04            [ 2]  123 	ldw	x, (0x04, sp)
      00002B F7               [ 1]  124 	ld	(x), a
                                    125 ;	./STM8S_StdPeriph_Driver/src/stm8s_gpio.c: 98: GPIOx->DDR |= (uint8_t)GPIO_Pin;
                                    126 ; genPlus
      00002C 93               [ 1]  127 	ldw	x, y
      00002D 5C               [ 1]  128 	incw	x
      00002E 5C               [ 1]  129 	incw	x
      00002F 1F 01            [ 2]  130 	ldw	(0x01, sp), x
                                    131 ;	./STM8S_StdPeriph_Driver/src/stm8s_gpio.c: 87: if ((((uint8_t)(GPIO_Mode)) & (uint8_t)0x80) != (uint8_t)0x00) /* Output mode */
                                    132 ; genAnd
      000031 0D 0B            [ 1]  133 	tnz	(0x0b, sp)
      000033 2B 03            [ 1]  134 	jrmi	00135$
      000035 CCr00r5B         [ 2]  135 	jp	00105$
      000038                        136 00135$:
                                    137 ; skipping generated iCode
                                    138 ;	./STM8S_StdPeriph_Driver/src/stm8s_gpio.c: 91: GPIOx->ODR |= (uint8_t)GPIO_Pin;
                                    139 ; genPointerGet
      000038 90 F6            [ 1]  140 	ld	a, (y)
                                    141 ;	./STM8S_StdPeriph_Driver/src/stm8s_gpio.c: 89: if ((((uint8_t)(GPIO_Mode)) & (uint8_t)0x10) != (uint8_t)0x00) /* High level */
                                    142 ; genAnd
      00003A 88               [ 1]  143 	push	a
      00003B 7B 0C            [ 1]  144 	ld	a, (0x0c, sp)
      00003D A5 10            [ 1]  145 	bcp	a, #0x10
      00003F 84               [ 1]  146 	pop	a
      000040 26 03            [ 1]  147 	jrne	00136$
      000042 CCr00r4C         [ 2]  148 	jp	00102$
      000045                        149 00136$:
                                    150 ; skipping generated iCode
                                    151 ;	./STM8S_StdPeriph_Driver/src/stm8s_gpio.c: 91: GPIOx->ODR |= (uint8_t)GPIO_Pin;
                                    152 ; genOr
      000045 1A 0A            [ 1]  153 	or	a, (0x0a, sp)
                                    154 ; genPointerSet
      000047 90 F7            [ 1]  155 	ld	(y), a
                                    156 ; genGoto
      000049 CCr00r50         [ 2]  157 	jp	00103$
                                    158 ; genLabel
      00004C                        159 00102$:
                                    160 ;	./STM8S_StdPeriph_Driver/src/stm8s_gpio.c: 95: GPIOx->ODR &= (uint8_t)(~(GPIO_Pin));
                                    161 ; genAnd
      00004C 14 03            [ 1]  162 	and	a, (0x03, sp)
                                    163 ; genPointerSet
      00004E 90 F7            [ 1]  164 	ld	(y), a
                                    165 ; genLabel
      000050                        166 00103$:
                                    167 ;	./STM8S_StdPeriph_Driver/src/stm8s_gpio.c: 98: GPIOx->DDR |= (uint8_t)GPIO_Pin;
                                    168 ; genPointerGet
      000050 1E 01            [ 2]  169 	ldw	x, (0x01, sp)
      000052 F6               [ 1]  170 	ld	a, (x)
                                    171 ; genOr
      000053 1A 0A            [ 1]  172 	or	a, (0x0a, sp)
                                    173 ; genPointerSet
      000055 1E 01            [ 2]  174 	ldw	x, (0x01, sp)
      000057 F7               [ 1]  175 	ld	(x), a
                                    176 ; genGoto
      000058 CCr00r63         [ 2]  177 	jp	00106$
                                    178 ; genLabel
      00005B                        179 00105$:
                                    180 ;	./STM8S_StdPeriph_Driver/src/stm8s_gpio.c: 103: GPIOx->DDR &= (uint8_t)(~(GPIO_Pin));
                                    181 ; genPointerGet
      00005B 1E 01            [ 2]  182 	ldw	x, (0x01, sp)
      00005D F6               [ 1]  183 	ld	a, (x)
                                    184 ; genAnd
      00005E 14 03            [ 1]  185 	and	a, (0x03, sp)
                                    186 ; genPointerSet
      000060 1E 01            [ 2]  187 	ldw	x, (0x01, sp)
      000062 F7               [ 1]  188 	ld	(x), a
                                    189 ; genLabel
      000063                        190 00106$:
                                    191 ;	./STM8S_StdPeriph_Driver/src/stm8s_gpio.c: 112: GPIOx->CR1 |= (uint8_t)GPIO_Pin;
                                    192 ; genPlus
      000063 93               [ 1]  193 	ldw	x, y
      000064 1C 00 03         [ 2]  194 	addw	x, #0x0003
                                    195 ; genPointerGet
      000067 F6               [ 1]  196 	ld	a, (x)
                                    197 ;	./STM8S_StdPeriph_Driver/src/stm8s_gpio.c: 110: if ((((uint8_t)(GPIO_Mode)) & (uint8_t)0x40) != (uint8_t)0x00) /* Pull-Up or Push-Pull */
                                    198 ; genAnd
      000068 88               [ 1]  199 	push	a
      000069 7B 0C            [ 1]  200 	ld	a, (0x0c, sp)
      00006B A5 40            [ 1]  201 	bcp	a, #0x40
      00006D 84               [ 1]  202 	pop	a
      00006E 26 03            [ 1]  203 	jrne	00137$
      000070 CCr00r79         [ 2]  204 	jp	00108$
      000073                        205 00137$:
                                    206 ; skipping generated iCode
                                    207 ;	./STM8S_StdPeriph_Driver/src/stm8s_gpio.c: 112: GPIOx->CR1 |= (uint8_t)GPIO_Pin;
                                    208 ; genOr
      000073 1A 0A            [ 1]  209 	or	a, (0x0a, sp)
                                    210 ; genPointerSet
      000075 F7               [ 1]  211 	ld	(x), a
                                    212 ; genGoto
      000076 CCr00r7C         [ 2]  213 	jp	00109$
                                    214 ; genLabel
      000079                        215 00108$:
                                    216 ;	./STM8S_StdPeriph_Driver/src/stm8s_gpio.c: 116: GPIOx->CR1 &= (uint8_t)(~(GPIO_Pin));
                                    217 ; genAnd
      000079 14 03            [ 1]  218 	and	a, (0x03, sp)
                                    219 ; genPointerSet
      00007B F7               [ 1]  220 	ld	(x), a
                                    221 ; genLabel
      00007C                        222 00109$:
                                    223 ;	./STM8S_StdPeriph_Driver/src/stm8s_gpio.c: 81: GPIOx->CR2 &= (uint8_t)(~(GPIO_Pin));
                                    224 ; genPointerGet
      00007C 1E 04            [ 2]  225 	ldw	x, (0x04, sp)
      00007E F6               [ 1]  226 	ld	a, (x)
                                    227 ;	./STM8S_StdPeriph_Driver/src/stm8s_gpio.c: 123: if ((((uint8_t)(GPIO_Mode)) & (uint8_t)0x20) != (uint8_t)0x00) /* Interrupt or Slow slope */
                                    228 ; genAnd
      00007F 88               [ 1]  229 	push	a
      000080 7B 0C            [ 1]  230 	ld	a, (0x0c, sp)
      000082 A5 20            [ 1]  231 	bcp	a, #0x20
      000084 84               [ 1]  232 	pop	a
      000085 26 03            [ 1]  233 	jrne	00138$
      000087 CCr00r92         [ 2]  234 	jp	00111$
      00008A                        235 00138$:
                                    236 ; skipping generated iCode
                                    237 ;	./STM8S_StdPeriph_Driver/src/stm8s_gpio.c: 125: GPIOx->CR2 |= (uint8_t)GPIO_Pin;
                                    238 ; genOr
      00008A 1A 0A            [ 1]  239 	or	a, (0x0a, sp)
                                    240 ; genPointerSet
      00008C 1E 04            [ 2]  241 	ldw	x, (0x04, sp)
      00008E F7               [ 1]  242 	ld	(x), a
                                    243 ; genGoto
      00008F CCr00r97         [ 2]  244 	jp	00113$
                                    245 ; genLabel
      000092                        246 00111$:
                                    247 ;	./STM8S_StdPeriph_Driver/src/stm8s_gpio.c: 129: GPIOx->CR2 &= (uint8_t)(~(GPIO_Pin));
                                    248 ; genAnd
      000092 14 03            [ 1]  249 	and	a, (0x03, sp)
                                    250 ; genPointerSet
      000094 1E 04            [ 2]  251 	ldw	x, (0x04, sp)
      000096 F7               [ 1]  252 	ld	(x), a
                                    253 ; genLabel
      000097                        254 00113$:
                                    255 ;	./STM8S_StdPeriph_Driver/src/stm8s_gpio.c: 131: }
                                    256 ; genEndFunction
      000097 5B 05            [ 2]  257 	addw	sp, #5
      000099 81               [ 4]  258 	ret
                                    259 ;	./STM8S_StdPeriph_Driver/src/stm8s_gpio.c: 141: void GPIO_Write(GPIO_TypeDef* GPIOx, uint8_t PortVal)
                                    260 ; genLabel
                                    261 ;	-----------------------------------------
                                    262 ;	 function GPIO_Write
                                    263 ;	-----------------------------------------
                                    264 ;	Register assignment is optimal.
                                    265 ;	Stack space usage: 0 bytes.
      00009A                        266 _GPIO_Write:
                                    267 ;	./STM8S_StdPeriph_Driver/src/stm8s_gpio.c: 143: GPIOx->ODR = PortVal;
                                    268 ; genAssign
      00009A 1E 03            [ 2]  269 	ldw	x, (0x03, sp)
                                    270 ; genPointerSet
      00009C 7B 05            [ 1]  271 	ld	a, (0x05, sp)
      00009E F7               [ 1]  272 	ld	(x), a
                                    273 ; genLabel
      00009F                        274 00101$:
                                    275 ;	./STM8S_StdPeriph_Driver/src/stm8s_gpio.c: 144: }
                                    276 ; genEndFunction
      00009F 81               [ 4]  277 	ret
                                    278 ;	./STM8S_StdPeriph_Driver/src/stm8s_gpio.c: 154: void GPIO_WriteHigh(GPIO_TypeDef* GPIOx, GPIO_Pin_TypeDef PortPins)
                                    279 ; genLabel
                                    280 ;	-----------------------------------------
                                    281 ;	 function GPIO_WriteHigh
                                    282 ;	-----------------------------------------
                                    283 ;	Register assignment is optimal.
                                    284 ;	Stack space usage: 0 bytes.
      0000A0                        285 _GPIO_WriteHigh:
                                    286 ;	./STM8S_StdPeriph_Driver/src/stm8s_gpio.c: 156: GPIOx->ODR |= (uint8_t)PortPins;
                                    287 ; genAssign
      0000A0 1E 03            [ 2]  288 	ldw	x, (0x03, sp)
                                    289 ; genPointerGet
      0000A2 F6               [ 1]  290 	ld	a, (x)
                                    291 ; genOr
      0000A3 1A 05            [ 1]  292 	or	a, (0x05, sp)
                                    293 ; genPointerSet
      0000A5 F7               [ 1]  294 	ld	(x), a
                                    295 ; genLabel
      0000A6                        296 00101$:
                                    297 ;	./STM8S_StdPeriph_Driver/src/stm8s_gpio.c: 157: }
                                    298 ; genEndFunction
      0000A6 81               [ 4]  299 	ret
                                    300 ;	./STM8S_StdPeriph_Driver/src/stm8s_gpio.c: 167: void GPIO_WriteLow(GPIO_TypeDef* GPIOx, GPIO_Pin_TypeDef PortPins)
                                    301 ; genLabel
                                    302 ;	-----------------------------------------
                                    303 ;	 function GPIO_WriteLow
                                    304 ;	-----------------------------------------
                                    305 ;	Register assignment is optimal.
                                    306 ;	Stack space usage: 1 bytes.
      0000A7                        307 _GPIO_WriteLow:
      0000A7 88               [ 1]  308 	push	a
                                    309 ;	./STM8S_StdPeriph_Driver/src/stm8s_gpio.c: 169: GPIOx->ODR &= (uint8_t)(~PortPins);
                                    310 ; genAssign
      0000A8 1E 04            [ 2]  311 	ldw	x, (0x04, sp)
                                    312 ; genPointerGet
      0000AA F6               [ 1]  313 	ld	a, (x)
      0000AB 6B 01            [ 1]  314 	ld	(0x01, sp), a
                                    315 ; genCpl
      0000AD 7B 06            [ 1]  316 	ld	a, (0x06, sp)
      0000AF 43               [ 1]  317 	cpl	a
                                    318 ; genAnd
      0000B0 14 01            [ 1]  319 	and	a, (0x01, sp)
                                    320 ; genPointerSet
      0000B2 F7               [ 1]  321 	ld	(x), a
                                    322 ; genLabel
      0000B3                        323 00101$:
                                    324 ;	./STM8S_StdPeriph_Driver/src/stm8s_gpio.c: 170: }
                                    325 ; genEndFunction
      0000B3 84               [ 1]  326 	pop	a
      0000B4 81               [ 4]  327 	ret
                                    328 ;	./STM8S_StdPeriph_Driver/src/stm8s_gpio.c: 180: void GPIO_WriteReverse(GPIO_TypeDef* GPIOx, GPIO_Pin_TypeDef PortPins)
                                    329 ; genLabel
                                    330 ;	-----------------------------------------
                                    331 ;	 function GPIO_WriteReverse
                                    332 ;	-----------------------------------------
                                    333 ;	Register assignment is optimal.
                                    334 ;	Stack space usage: 0 bytes.
      0000B5                        335 _GPIO_WriteReverse:
                                    336 ;	./STM8S_StdPeriph_Driver/src/stm8s_gpio.c: 182: GPIOx->ODR ^= (uint8_t)PortPins;
                                    337 ; genAssign
      0000B5 1E 03            [ 2]  338 	ldw	x, (0x03, sp)
                                    339 ; genPointerGet
      0000B7 F6               [ 1]  340 	ld	a, (x)
                                    341 ; genXor
      0000B8 18 05            [ 1]  342 	xor	a, (0x05, sp)
                                    343 ; genPointerSet
      0000BA F7               [ 1]  344 	ld	(x), a
                                    345 ; genLabel
      0000BB                        346 00101$:
                                    347 ;	./STM8S_StdPeriph_Driver/src/stm8s_gpio.c: 183: }
                                    348 ; genEndFunction
      0000BB 81               [ 4]  349 	ret
                                    350 ;	./STM8S_StdPeriph_Driver/src/stm8s_gpio.c: 191: uint8_t GPIO_ReadOutputData(GPIO_TypeDef* GPIOx)
                                    351 ; genLabel
                                    352 ;	-----------------------------------------
                                    353 ;	 function GPIO_ReadOutputData
                                    354 ;	-----------------------------------------
                                    355 ;	Register assignment is optimal.
                                    356 ;	Stack space usage: 0 bytes.
      0000BC                        357 _GPIO_ReadOutputData:
                                    358 ;	./STM8S_StdPeriph_Driver/src/stm8s_gpio.c: 193: return ((uint8_t)GPIOx->ODR);
                                    359 ; genAssign
      0000BC 1E 03            [ 2]  360 	ldw	x, (0x03, sp)
                                    361 ; genPointerGet
      0000BE F6               [ 1]  362 	ld	a, (x)
                                    363 ; genReturn
                                    364 ; genLabel
      0000BF                        365 00101$:
                                    366 ;	./STM8S_StdPeriph_Driver/src/stm8s_gpio.c: 194: }
                                    367 ; genEndFunction
      0000BF 81               [ 4]  368 	ret
                                    369 ;	./STM8S_StdPeriph_Driver/src/stm8s_gpio.c: 202: uint8_t GPIO_ReadInputData(GPIO_TypeDef* GPIOx)
                                    370 ; genLabel
                                    371 ;	-----------------------------------------
                                    372 ;	 function GPIO_ReadInputData
                                    373 ;	-----------------------------------------
                                    374 ;	Register assignment might be sub-optimal.
                                    375 ;	Stack space usage: 0 bytes.
      0000C0                        376 _GPIO_ReadInputData:
                                    377 ;	./STM8S_StdPeriph_Driver/src/stm8s_gpio.c: 204: return ((uint8_t)GPIOx->IDR);
                                    378 ; genAssign
      0000C0 1E 03            [ 2]  379 	ldw	x, (0x03, sp)
                                    380 ; genAssign
                                    381 ; genPointerGet
      0000C2 E6 01            [ 1]  382 	ld	a, (0x1, x)
                                    383 ; genReturn
                                    384 ; genLabel
      0000C4                        385 00101$:
                                    386 ;	./STM8S_StdPeriph_Driver/src/stm8s_gpio.c: 205: }
                                    387 ; genEndFunction
      0000C4 81               [ 4]  388 	ret
                                    389 ;	./STM8S_StdPeriph_Driver/src/stm8s_gpio.c: 213: BitStatus GPIO_ReadInputPin(GPIO_TypeDef* GPIOx, GPIO_Pin_TypeDef GPIO_Pin)
                                    390 ; genLabel
                                    391 ;	-----------------------------------------
                                    392 ;	 function GPIO_ReadInputPin
                                    393 ;	-----------------------------------------
                                    394 ;	Register assignment might be sub-optimal.
                                    395 ;	Stack space usage: 0 bytes.
      0000C5                        396 _GPIO_ReadInputPin:
                                    397 ;	./STM8S_StdPeriph_Driver/src/stm8s_gpio.c: 215: return ((BitStatus)(GPIOx->IDR & (uint8_t)GPIO_Pin));
                                    398 ; genAssign
      0000C5 1E 03            [ 2]  399 	ldw	x, (0x03, sp)
                                    400 ; genAssign
                                    401 ; genPointerGet
      0000C7 E6 01            [ 1]  402 	ld	a, (0x1, x)
                                    403 ; genAnd
      0000C9 14 05            [ 1]  404 	and	a, (0x05, sp)
                                    405 ; genReturn
                                    406 ; genLabel
      0000CB                        407 00101$:
                                    408 ;	./STM8S_StdPeriph_Driver/src/stm8s_gpio.c: 216: }
                                    409 ; genEndFunction
      0000CB 81               [ 4]  410 	ret
                                    411 ;	./STM8S_StdPeriph_Driver/src/stm8s_gpio.c: 225: void GPIO_ExternalPullUpConfig(GPIO_TypeDef* GPIOx, GPIO_Pin_TypeDef GPIO_Pin, FunctionalState NewState)
                                    412 ; genLabel
                                    413 ;	-----------------------------------------
                                    414 ;	 function GPIO_ExternalPullUpConfig
                                    415 ;	-----------------------------------------
                                    416 ;	Register assignment might be sub-optimal.
                                    417 ;	Stack space usage: 1 bytes.
      0000CC                        418 _GPIO_ExternalPullUpConfig:
      0000CC 88               [ 1]  419 	push	a
                                    420 ;	./STM8S_StdPeriph_Driver/src/stm8s_gpio.c: 233: GPIOx->CR1 |= (uint8_t)GPIO_Pin;
                                    421 ; genAssign
      0000CD 1E 04            [ 2]  422 	ldw	x, (0x04, sp)
                                    423 ; genPlus
      0000CF 1C 00 03         [ 2]  424 	addw	x, #0x0003
                                    425 ; genPointerGet
      0000D2 F6               [ 1]  426 	ld	a, (x)
                                    427 ;	./STM8S_StdPeriph_Driver/src/stm8s_gpio.c: 231: if (NewState != DISABLE) /* External Pull-Up Set*/
                                    428 ; genIfx
      0000D3 0D 07            [ 1]  429 	tnz	(0x07, sp)
      0000D5 26 03            [ 1]  430 	jrne	00111$
      0000D7 CCr00rE0         [ 2]  431 	jp	00102$
      0000DA                        432 00111$:
                                    433 ;	./STM8S_StdPeriph_Driver/src/stm8s_gpio.c: 233: GPIOx->CR1 |= (uint8_t)GPIO_Pin;
                                    434 ; genOr
      0000DA 1A 06            [ 1]  435 	or	a, (0x06, sp)
                                    436 ; genPointerSet
      0000DC F7               [ 1]  437 	ld	(x), a
                                    438 ; genGoto
      0000DD CCr00rEA         [ 2]  439 	jp	00104$
                                    440 ; genLabel
      0000E0                        441 00102$:
                                    442 ;	./STM8S_StdPeriph_Driver/src/stm8s_gpio.c: 236: GPIOx->CR1 &= (uint8_t)(~(GPIO_Pin));
                                    443 ; genCpl
      0000E0 88               [ 1]  444 	push	a
      0000E1 7B 07            [ 1]  445 	ld	a, (0x07, sp)
      0000E3 43               [ 1]  446 	cpl	a
      0000E4 6B 02            [ 1]  447 	ld	(0x02, sp), a
      0000E6 84               [ 1]  448 	pop	a
                                    449 ; genAnd
      0000E7 14 01            [ 1]  450 	and	a, (0x01, sp)
                                    451 ; genPointerSet
      0000E9 F7               [ 1]  452 	ld	(x), a
                                    453 ; genLabel
      0000EA                        454 00104$:
                                    455 ;	./STM8S_StdPeriph_Driver/src/stm8s_gpio.c: 238: }
                                    456 ; genEndFunction
      0000EA 84               [ 1]  457 	pop	a
      0000EB 81               [ 4]  458 	ret
                                    459 	.area CODE
                                    460 	.area CONST
                                    461 	.area INITIALIZER
                                    462 	.area CABS (ABS)
