                                      1 ;--------------------------------------------------------
                                      2 ; File Created by SDCC : free open source ANSI-C Compiler
                                      3 ; Version 3.8.0 #10562 (Mac OS X x86_64)
                                      4 ;--------------------------------------------------------
                                      5 	.module stm8s_clk
                                      6 	.optsdcc -mstm8
                                      7 	
                                      8 ;--------------------------------------------------------
                                      9 ; Public variables in this module
                                     10 ;--------------------------------------------------------
                                     11 	.globl _HSIDivFactor
                                     12 	.globl _CLK_DeInit
                                     13 	.globl _CLK_FastHaltWakeUpCmd
                                     14 	.globl _CLK_HSECmd
                                     15 	.globl _CLK_HSICmd
                                     16 	.globl _CLK_LSICmd
                                     17 	.globl _CLK_CCOCmd
                                     18 	.globl _CLK_ClockSwitchCmd
                                     19 	.globl _CLK_SlowActiveHaltWakeUpCmd
                                     20 	.globl _CLK_PeripheralClockConfig
                                     21 	.globl _CLK_ClockSwitchConfig
                                     22 	.globl _CLK_HSIPrescalerConfig
                                     23 	.globl _CLK_CCOConfig
                                     24 	.globl _CLK_ITConfig
                                     25 	.globl _CLK_SYSCLKConfig
                                     26 	.globl _CLK_SWIMConfig
                                     27 	.globl _CLK_ClockSecuritySystemEnable
                                     28 	.globl _CLK_GetSYSCLKSource
                                     29 	.globl _CLK_GetClockFreq
                                     30 	.globl _CLK_AdjustHSICalibrationValue
                                     31 	.globl _CLK_SYSCLKEmergencyClear
                                     32 	.globl _CLK_GetFlagStatus
                                     33 	.globl _CLK_GetITStatus
                                     34 	.globl _CLK_ClearITPendingBit
                                     35 ;--------------------------------------------------------
                                     36 ; ram data
                                     37 ;--------------------------------------------------------
                                     38 	.area DATA
                                     39 ;--------------------------------------------------------
                                     40 ; ram data
                                     41 ;--------------------------------------------------------
                                     42 	.area INITIALIZED
                                     43 ;--------------------------------------------------------
                                     44 ; absolute external ram data
                                     45 ;--------------------------------------------------------
                                     46 	.area DABS (ABS)
                                     47 
                                     48 ; default segment ordering for linker
                                     49 	.area HOME
                                     50 	.area GSINIT
                                     51 	.area GSFINAL
                                     52 	.area CONST
                                     53 	.area INITIALIZER
                                     54 	.area CODE
                                     55 
                                     56 ;--------------------------------------------------------
                                     57 ; global & static initialisations
                                     58 ;--------------------------------------------------------
                                     59 	.area HOME
                                     60 	.area GSINIT
                                     61 	.area GSFINAL
                                     62 	.area GSINIT
                                     63 ;--------------------------------------------------------
                                     64 ; Home
                                     65 ;--------------------------------------------------------
                                     66 	.area HOME
                                     67 	.area HOME
                                     68 ;--------------------------------------------------------
                                     69 ; code
                                     70 ;--------------------------------------------------------
                                     71 	.area CODE
                                     72 ;	./STM8S_StdPeriph_Driver/src/stm8s_clk.c: 72: void CLK_DeInit(void)
                                     73 ; genLabel
                                     74 ;	-----------------------------------------
                                     75 ;	 function CLK_DeInit
                                     76 ;	-----------------------------------------
                                     77 ;	Register assignment is optimal.
                                     78 ;	Stack space usage: 0 bytes.
      000000                         79 _CLK_DeInit:
                                     80 ;	./STM8S_StdPeriph_Driver/src/stm8s_clk.c: 74: CLK->ICKR = CLK_ICKR_RESET_VALUE;
                                     81 ; genPointerSet
      000000 35 01 50 C0      [ 1]   82 	mov	0x50c0+0, #0x01
                                     83 ;	./STM8S_StdPeriph_Driver/src/stm8s_clk.c: 75: CLK->ECKR = CLK_ECKR_RESET_VALUE;
                                     84 ; genPointerSet
      000004 35 00 50 C1      [ 1]   85 	mov	0x50c1+0, #0x00
                                     86 ;	./STM8S_StdPeriph_Driver/src/stm8s_clk.c: 76: CLK->SWR  = CLK_SWR_RESET_VALUE;
                                     87 ; genPointerSet
      000008 35 E1 50 C4      [ 1]   88 	mov	0x50c4+0, #0xe1
                                     89 ;	./STM8S_StdPeriph_Driver/src/stm8s_clk.c: 77: CLK->SWCR = CLK_SWCR_RESET_VALUE;
                                     90 ; genPointerSet
      00000C 35 00 50 C5      [ 1]   91 	mov	0x50c5+0, #0x00
                                     92 ;	./STM8S_StdPeriph_Driver/src/stm8s_clk.c: 78: CLK->CKDIVR = CLK_CKDIVR_RESET_VALUE;
                                     93 ; genPointerSet
      000010 35 18 50 C6      [ 1]   94 	mov	0x50c6+0, #0x18
                                     95 ;	./STM8S_StdPeriph_Driver/src/stm8s_clk.c: 79: CLK->PCKENR1 = CLK_PCKENR1_RESET_VALUE;
                                     96 ; genPointerSet
      000014 35 FF 50 C7      [ 1]   97 	mov	0x50c7+0, #0xff
                                     98 ;	./STM8S_StdPeriph_Driver/src/stm8s_clk.c: 80: CLK->PCKENR2 = CLK_PCKENR2_RESET_VALUE;
                                     99 ; genPointerSet
      000018 35 FF 50 CA      [ 1]  100 	mov	0x50ca+0, #0xff
                                    101 ;	./STM8S_StdPeriph_Driver/src/stm8s_clk.c: 81: CLK->CSSR = CLK_CSSR_RESET_VALUE;
                                    102 ; genPointerSet
      00001C 35 00 50 C8      [ 1]  103 	mov	0x50c8+0, #0x00
                                    104 ;	./STM8S_StdPeriph_Driver/src/stm8s_clk.c: 82: CLK->CCOR = CLK_CCOR_RESET_VALUE;
                                    105 ; genPointerSet
      000020 35 00 50 C9      [ 1]  106 	mov	0x50c9+0, #0x00
                                    107 ;	./STM8S_StdPeriph_Driver/src/stm8s_clk.c: 83: while ((CLK->CCOR & CLK_CCOR_CCOEN)!= 0)
                                    108 ; genLabel
      000024                        109 00101$:
                                    110 ; genPointerGet
      000024 C6 50 C9         [ 1]  111 	ld	a, 0x50c9
                                    112 ; genAnd
      000027 44               [ 1]  113 	srl	a
      000028 24 03            [ 1]  114 	jrnc	00116$
      00002A CCr00r24         [ 2]  115 	jp	00101$
      00002D                        116 00116$:
                                    117 ; skipping generated iCode
                                    118 ;	./STM8S_StdPeriph_Driver/src/stm8s_clk.c: 85: CLK->CCOR = CLK_CCOR_RESET_VALUE;
                                    119 ; genPointerSet
      00002D 35 00 50 C9      [ 1]  120 	mov	0x50c9+0, #0x00
                                    121 ;	./STM8S_StdPeriph_Driver/src/stm8s_clk.c: 86: CLK->HSITRIMR = CLK_HSITRIMR_RESET_VALUE;
                                    122 ; genPointerSet
      000031 35 00 50 CC      [ 1]  123 	mov	0x50cc+0, #0x00
                                    124 ;	./STM8S_StdPeriph_Driver/src/stm8s_clk.c: 87: CLK->SWIMCCR = CLK_SWIMCCR_RESET_VALUE;
                                    125 ; genPointerSet
      000035 35 00 50 CD      [ 1]  126 	mov	0x50cd+0, #0x00
                                    127 ; genLabel
      000039                        128 00104$:
                                    129 ;	./STM8S_StdPeriph_Driver/src/stm8s_clk.c: 88: }
                                    130 ; genEndFunction
      000039 81               [ 4]  131 	ret
                                    132 ;	./STM8S_StdPeriph_Driver/src/stm8s_clk.c: 99: void CLK_FastHaltWakeUpCmd(FunctionalState NewState)
                                    133 ; genLabel
                                    134 ;	-----------------------------------------
                                    135 ;	 function CLK_FastHaltWakeUpCmd
                                    136 ;	-----------------------------------------
                                    137 ;	Register assignment is optimal.
                                    138 ;	Stack space usage: 0 bytes.
      00003A                        139 _CLK_FastHaltWakeUpCmd:
                                    140 ;	./STM8S_StdPeriph_Driver/src/stm8s_clk.c: 107: CLK->ICKR |= CLK_ICKR_FHWU;
                                    141 ; genPointerGet
      00003A C6 50 C0         [ 1]  142 	ld	a, 0x50c0
                                    143 ;	./STM8S_StdPeriph_Driver/src/stm8s_clk.c: 104: if (NewState != DISABLE)
                                    144 ; genIfx
      00003D 0D 03            [ 1]  145 	tnz	(0x03, sp)
      00003F 26 03            [ 1]  146 	jrne	00111$
      000041 CCr00r4C         [ 2]  147 	jp	00102$
      000044                        148 00111$:
                                    149 ;	./STM8S_StdPeriph_Driver/src/stm8s_clk.c: 107: CLK->ICKR |= CLK_ICKR_FHWU;
                                    150 ; genOr
      000044 AA 04            [ 1]  151 	or	a, #0x04
                                    152 ; genPointerSet
      000046 C7 50 C0         [ 1]  153 	ld	0x50c0, a
                                    154 ; genGoto
      000049 CCr00r51         [ 2]  155 	jp	00104$
                                    156 ; genLabel
      00004C                        157 00102$:
                                    158 ;	./STM8S_StdPeriph_Driver/src/stm8s_clk.c: 112: CLK->ICKR &= (uint8_t)(~CLK_ICKR_FHWU);
                                    159 ; genAnd
      00004C A4 FB            [ 1]  160 	and	a, #0xfb
                                    161 ; genPointerSet
      00004E C7 50 C0         [ 1]  162 	ld	0x50c0, a
                                    163 ; genLabel
      000051                        164 00104$:
                                    165 ;	./STM8S_StdPeriph_Driver/src/stm8s_clk.c: 114: }
                                    166 ; genEndFunction
      000051 81               [ 4]  167 	ret
                                    168 ;	./STM8S_StdPeriph_Driver/src/stm8s_clk.c: 121: void CLK_HSECmd(FunctionalState NewState)
                                    169 ; genLabel
                                    170 ;	-----------------------------------------
                                    171 ;	 function CLK_HSECmd
                                    172 ;	-----------------------------------------
                                    173 ;	Register assignment is optimal.
                                    174 ;	Stack space usage: 0 bytes.
      000052                        175 _CLK_HSECmd:
                                    176 ;	./STM8S_StdPeriph_Driver/src/stm8s_clk.c: 129: CLK->ECKR |= CLK_ECKR_HSEEN;
                                    177 ; genPointerGet
      000052 C6 50 C1         [ 1]  178 	ld	a, 0x50c1
                                    179 ;	./STM8S_StdPeriph_Driver/src/stm8s_clk.c: 126: if (NewState != DISABLE)
                                    180 ; genIfx
      000055 0D 03            [ 1]  181 	tnz	(0x03, sp)
      000057 26 03            [ 1]  182 	jrne	00111$
      000059 CCr00r64         [ 2]  183 	jp	00102$
      00005C                        184 00111$:
                                    185 ;	./STM8S_StdPeriph_Driver/src/stm8s_clk.c: 129: CLK->ECKR |= CLK_ECKR_HSEEN;
                                    186 ; genOr
      00005C AA 01            [ 1]  187 	or	a, #0x01
                                    188 ; genPointerSet
      00005E C7 50 C1         [ 1]  189 	ld	0x50c1, a
                                    190 ; genGoto
      000061 CCr00r69         [ 2]  191 	jp	00104$
                                    192 ; genLabel
      000064                        193 00102$:
                                    194 ;	./STM8S_StdPeriph_Driver/src/stm8s_clk.c: 134: CLK->ECKR &= (uint8_t)(~CLK_ECKR_HSEEN);
                                    195 ; genAnd
      000064 A4 FE            [ 1]  196 	and	a, #0xfe
                                    197 ; genPointerSet
      000066 C7 50 C1         [ 1]  198 	ld	0x50c1, a
                                    199 ; genLabel
      000069                        200 00104$:
                                    201 ;	./STM8S_StdPeriph_Driver/src/stm8s_clk.c: 136: }
                                    202 ; genEndFunction
      000069 81               [ 4]  203 	ret
                                    204 ;	./STM8S_StdPeriph_Driver/src/stm8s_clk.c: 143: void CLK_HSICmd(FunctionalState NewState)
                                    205 ; genLabel
                                    206 ;	-----------------------------------------
                                    207 ;	 function CLK_HSICmd
                                    208 ;	-----------------------------------------
                                    209 ;	Register assignment is optimal.
                                    210 ;	Stack space usage: 0 bytes.
      00006A                        211 _CLK_HSICmd:
                                    212 ;	./STM8S_StdPeriph_Driver/src/stm8s_clk.c: 151: CLK->ICKR |= CLK_ICKR_HSIEN;
                                    213 ; genPointerGet
      00006A C6 50 C0         [ 1]  214 	ld	a, 0x50c0
                                    215 ;	./STM8S_StdPeriph_Driver/src/stm8s_clk.c: 148: if (NewState != DISABLE)
                                    216 ; genIfx
      00006D 0D 03            [ 1]  217 	tnz	(0x03, sp)
      00006F 26 03            [ 1]  218 	jrne	00111$
      000071 CCr00r7C         [ 2]  219 	jp	00102$
      000074                        220 00111$:
                                    221 ;	./STM8S_StdPeriph_Driver/src/stm8s_clk.c: 151: CLK->ICKR |= CLK_ICKR_HSIEN;
                                    222 ; genOr
      000074 AA 01            [ 1]  223 	or	a, #0x01
                                    224 ; genPointerSet
      000076 C7 50 C0         [ 1]  225 	ld	0x50c0, a
                                    226 ; genGoto
      000079 CCr00r81         [ 2]  227 	jp	00104$
                                    228 ; genLabel
      00007C                        229 00102$:
                                    230 ;	./STM8S_StdPeriph_Driver/src/stm8s_clk.c: 156: CLK->ICKR &= (uint8_t)(~CLK_ICKR_HSIEN);
                                    231 ; genAnd
      00007C A4 FE            [ 1]  232 	and	a, #0xfe
                                    233 ; genPointerSet
      00007E C7 50 C0         [ 1]  234 	ld	0x50c0, a
                                    235 ; genLabel
      000081                        236 00104$:
                                    237 ;	./STM8S_StdPeriph_Driver/src/stm8s_clk.c: 158: }
                                    238 ; genEndFunction
      000081 81               [ 4]  239 	ret
                                    240 ;	./STM8S_StdPeriph_Driver/src/stm8s_clk.c: 166: void CLK_LSICmd(FunctionalState NewState)
                                    241 ; genLabel
                                    242 ;	-----------------------------------------
                                    243 ;	 function CLK_LSICmd
                                    244 ;	-----------------------------------------
                                    245 ;	Register assignment is optimal.
                                    246 ;	Stack space usage: 0 bytes.
      000082                        247 _CLK_LSICmd:
                                    248 ;	./STM8S_StdPeriph_Driver/src/stm8s_clk.c: 174: CLK->ICKR |= CLK_ICKR_LSIEN;
                                    249 ; genPointerGet
      000082 C6 50 C0         [ 1]  250 	ld	a, 0x50c0
                                    251 ;	./STM8S_StdPeriph_Driver/src/stm8s_clk.c: 171: if (NewState != DISABLE)
                                    252 ; genIfx
      000085 0D 03            [ 1]  253 	tnz	(0x03, sp)
      000087 26 03            [ 1]  254 	jrne	00111$
      000089 CCr00r94         [ 2]  255 	jp	00102$
      00008C                        256 00111$:
                                    257 ;	./STM8S_StdPeriph_Driver/src/stm8s_clk.c: 174: CLK->ICKR |= CLK_ICKR_LSIEN;
                                    258 ; genOr
      00008C AA 08            [ 1]  259 	or	a, #0x08
                                    260 ; genPointerSet
      00008E C7 50 C0         [ 1]  261 	ld	0x50c0, a
                                    262 ; genGoto
      000091 CCr00r99         [ 2]  263 	jp	00104$
                                    264 ; genLabel
      000094                        265 00102$:
                                    266 ;	./STM8S_StdPeriph_Driver/src/stm8s_clk.c: 179: CLK->ICKR &= (uint8_t)(~CLK_ICKR_LSIEN);
                                    267 ; genAnd
      000094 A4 F7            [ 1]  268 	and	a, #0xf7
                                    269 ; genPointerSet
      000096 C7 50 C0         [ 1]  270 	ld	0x50c0, a
                                    271 ; genLabel
      000099                        272 00104$:
                                    273 ;	./STM8S_StdPeriph_Driver/src/stm8s_clk.c: 181: }
                                    274 ; genEndFunction
      000099 81               [ 4]  275 	ret
                                    276 ;	./STM8S_StdPeriph_Driver/src/stm8s_clk.c: 189: void CLK_CCOCmd(FunctionalState NewState)
                                    277 ; genLabel
                                    278 ;	-----------------------------------------
                                    279 ;	 function CLK_CCOCmd
                                    280 ;	-----------------------------------------
                                    281 ;	Register assignment is optimal.
                                    282 ;	Stack space usage: 0 bytes.
      00009A                        283 _CLK_CCOCmd:
                                    284 ;	./STM8S_StdPeriph_Driver/src/stm8s_clk.c: 197: CLK->CCOR |= CLK_CCOR_CCOEN;
                                    285 ; genPointerGet
      00009A C6 50 C9         [ 1]  286 	ld	a, 0x50c9
                                    287 ;	./STM8S_StdPeriph_Driver/src/stm8s_clk.c: 194: if (NewState != DISABLE)
                                    288 ; genIfx
      00009D 0D 03            [ 1]  289 	tnz	(0x03, sp)
      00009F 26 03            [ 1]  290 	jrne	00111$
      0000A1 CCr00rAC         [ 2]  291 	jp	00102$
      0000A4                        292 00111$:
                                    293 ;	./STM8S_StdPeriph_Driver/src/stm8s_clk.c: 197: CLK->CCOR |= CLK_CCOR_CCOEN;
                                    294 ; genOr
      0000A4 AA 01            [ 1]  295 	or	a, #0x01
                                    296 ; genPointerSet
      0000A6 C7 50 C9         [ 1]  297 	ld	0x50c9, a
                                    298 ; genGoto
      0000A9 CCr00rB1         [ 2]  299 	jp	00104$
                                    300 ; genLabel
      0000AC                        301 00102$:
                                    302 ;	./STM8S_StdPeriph_Driver/src/stm8s_clk.c: 202: CLK->CCOR &= (uint8_t)(~CLK_CCOR_CCOEN);
                                    303 ; genAnd
      0000AC A4 FE            [ 1]  304 	and	a, #0xfe
                                    305 ; genPointerSet
      0000AE C7 50 C9         [ 1]  306 	ld	0x50c9, a
                                    307 ; genLabel
      0000B1                        308 00104$:
                                    309 ;	./STM8S_StdPeriph_Driver/src/stm8s_clk.c: 204: }
                                    310 ; genEndFunction
      0000B1 81               [ 4]  311 	ret
                                    312 ;	./STM8S_StdPeriph_Driver/src/stm8s_clk.c: 213: void CLK_ClockSwitchCmd(FunctionalState NewState)
                                    313 ; genLabel
                                    314 ;	-----------------------------------------
                                    315 ;	 function CLK_ClockSwitchCmd
                                    316 ;	-----------------------------------------
                                    317 ;	Register assignment is optimal.
                                    318 ;	Stack space usage: 0 bytes.
      0000B2                        319 _CLK_ClockSwitchCmd:
                                    320 ;	./STM8S_StdPeriph_Driver/src/stm8s_clk.c: 221: CLK->SWCR |= CLK_SWCR_SWEN;
                                    321 ; genPointerGet
      0000B2 C6 50 C5         [ 1]  322 	ld	a, 0x50c5
                                    323 ;	./STM8S_StdPeriph_Driver/src/stm8s_clk.c: 218: if (NewState != DISABLE )
                                    324 ; genIfx
      0000B5 0D 03            [ 1]  325 	tnz	(0x03, sp)
      0000B7 26 03            [ 1]  326 	jrne	00111$
      0000B9 CCr00rC4         [ 2]  327 	jp	00102$
      0000BC                        328 00111$:
                                    329 ;	./STM8S_StdPeriph_Driver/src/stm8s_clk.c: 221: CLK->SWCR |= CLK_SWCR_SWEN;
                                    330 ; genOr
      0000BC AA 02            [ 1]  331 	or	a, #0x02
                                    332 ; genPointerSet
      0000BE C7 50 C5         [ 1]  333 	ld	0x50c5, a
                                    334 ; genGoto
      0000C1 CCr00rC9         [ 2]  335 	jp	00104$
                                    336 ; genLabel
      0000C4                        337 00102$:
                                    338 ;	./STM8S_StdPeriph_Driver/src/stm8s_clk.c: 226: CLK->SWCR &= (uint8_t)(~CLK_SWCR_SWEN);
                                    339 ; genAnd
      0000C4 A4 FD            [ 1]  340 	and	a, #0xfd
                                    341 ; genPointerSet
      0000C6 C7 50 C5         [ 1]  342 	ld	0x50c5, a
                                    343 ; genLabel
      0000C9                        344 00104$:
                                    345 ;	./STM8S_StdPeriph_Driver/src/stm8s_clk.c: 228: }
                                    346 ; genEndFunction
      0000C9 81               [ 4]  347 	ret
                                    348 ;	./STM8S_StdPeriph_Driver/src/stm8s_clk.c: 238: void CLK_SlowActiveHaltWakeUpCmd(FunctionalState NewState)
                                    349 ; genLabel
                                    350 ;	-----------------------------------------
                                    351 ;	 function CLK_SlowActiveHaltWakeUpCmd
                                    352 ;	-----------------------------------------
                                    353 ;	Register assignment is optimal.
                                    354 ;	Stack space usage: 0 bytes.
      0000CA                        355 _CLK_SlowActiveHaltWakeUpCmd:
                                    356 ;	./STM8S_StdPeriph_Driver/src/stm8s_clk.c: 246: CLK->ICKR |= CLK_ICKR_SWUAH;
                                    357 ; genPointerGet
      0000CA C6 50 C0         [ 1]  358 	ld	a, 0x50c0
                                    359 ;	./STM8S_StdPeriph_Driver/src/stm8s_clk.c: 243: if (NewState != DISABLE)
                                    360 ; genIfx
      0000CD 0D 03            [ 1]  361 	tnz	(0x03, sp)
      0000CF 26 03            [ 1]  362 	jrne	00111$
      0000D1 CCr00rDC         [ 2]  363 	jp	00102$
      0000D4                        364 00111$:
                                    365 ;	./STM8S_StdPeriph_Driver/src/stm8s_clk.c: 246: CLK->ICKR |= CLK_ICKR_SWUAH;
                                    366 ; genOr
      0000D4 AA 20            [ 1]  367 	or	a, #0x20
                                    368 ; genPointerSet
      0000D6 C7 50 C0         [ 1]  369 	ld	0x50c0, a
                                    370 ; genGoto
      0000D9 CCr00rE1         [ 2]  371 	jp	00104$
                                    372 ; genLabel
      0000DC                        373 00102$:
                                    374 ;	./STM8S_StdPeriph_Driver/src/stm8s_clk.c: 251: CLK->ICKR &= (uint8_t)(~CLK_ICKR_SWUAH);
                                    375 ; genAnd
      0000DC A4 DF            [ 1]  376 	and	a, #0xdf
                                    377 ; genPointerSet
      0000DE C7 50 C0         [ 1]  378 	ld	0x50c0, a
                                    379 ; genLabel
      0000E1                        380 00104$:
                                    381 ;	./STM8S_StdPeriph_Driver/src/stm8s_clk.c: 253: }
                                    382 ; genEndFunction
      0000E1 81               [ 4]  383 	ret
                                    384 ;	./STM8S_StdPeriph_Driver/src/stm8s_clk.c: 263: void CLK_PeripheralClockConfig(CLK_Peripheral_TypeDef CLK_Peripheral, FunctionalState NewState)
                                    385 ; genLabel
                                    386 ;	-----------------------------------------
                                    387 ;	 function CLK_PeripheralClockConfig
                                    388 ;	-----------------------------------------
                                    389 ;	Register assignment is optimal.
                                    390 ;	Stack space usage: 2 bytes.
      0000E2                        391 _CLK_PeripheralClockConfig:
      0000E2 89               [ 2]  392 	pushw	x
                                    393 ;	./STM8S_StdPeriph_Driver/src/stm8s_clk.c: 274: CLK->PCKENR1 |= (uint8_t)((uint8_t)1 << ((uint8_t)CLK_Peripheral & (uint8_t)0x0F));
                                    394 ; genAnd
      0000E3 7B 05            [ 1]  395 	ld	a, (0x05, sp)
      0000E5 A4 0F            [ 1]  396 	and	a, #0x0f
                                    397 ; genLeftShift
      0000E7 88               [ 1]  398 	push	a
      0000E8 A6 01            [ 1]  399 	ld	a, #0x01
      0000EA 6B 03            [ 1]  400 	ld	(0x03, sp), a
      0000EC 84               [ 1]  401 	pop	a
      0000ED 4D               [ 1]  402 	tnz	a
      0000EE 27 05            [ 1]  403 	jreq	00128$
      0000F0                        404 00127$:
      0000F0 08 02            [ 1]  405 	sll	(0x02, sp)
      0000F2 4A               [ 1]  406 	dec	a
      0000F3 26 FB            [ 1]  407 	jrne	00127$
      0000F5                        408 00128$:
                                    409 ;	./STM8S_StdPeriph_Driver/src/stm8s_clk.c: 279: CLK->PCKENR1 &= (uint8_t)(~(uint8_t)(((uint8_t)1 << ((uint8_t)CLK_Peripheral & (uint8_t)0x0F))));
                                    410 ; genCpl
      0000F5 7B 02            [ 1]  411 	ld	a, (0x02, sp)
      0000F7 43               [ 1]  412 	cpl	a
      0000F8 6B 01            [ 1]  413 	ld	(0x01, sp), a
                                    414 ;	./STM8S_StdPeriph_Driver/src/stm8s_clk.c: 269: if (((uint8_t)CLK_Peripheral & (uint8_t)0x10) == 0x00)
                                    415 ; genAnd
      0000FA 7B 05            [ 1]  416 	ld	a, (0x05, sp)
      0000FC A5 10            [ 1]  417 	bcp	a, #0x10
      0000FE 27 03            [ 1]  418 	jreq	00129$
      000100 CCr01r1D         [ 2]  419 	jp	00108$
      000103                        420 00129$:
                                    421 ; skipping generated iCode
                                    422 ;	./STM8S_StdPeriph_Driver/src/stm8s_clk.c: 274: CLK->PCKENR1 |= (uint8_t)((uint8_t)1 << ((uint8_t)CLK_Peripheral & (uint8_t)0x0F));
                                    423 ; genPointerGet
      000103 C6 50 C7         [ 1]  424 	ld	a, 0x50c7
                                    425 ;	./STM8S_StdPeriph_Driver/src/stm8s_clk.c: 271: if (NewState != DISABLE)
                                    426 ; genIfx
      000106 0D 06            [ 1]  427 	tnz	(0x06, sp)
      000108 26 03            [ 1]  428 	jrne	00130$
      00010A CCr01r15         [ 2]  429 	jp	00102$
      00010D                        430 00130$:
                                    431 ;	./STM8S_StdPeriph_Driver/src/stm8s_clk.c: 274: CLK->PCKENR1 |= (uint8_t)((uint8_t)1 << ((uint8_t)CLK_Peripheral & (uint8_t)0x0F));
                                    432 ; genOr
      00010D 1A 02            [ 1]  433 	or	a, (0x02, sp)
                                    434 ; genPointerSet
      00010F C7 50 C7         [ 1]  435 	ld	0x50c7, a
                                    436 ; genGoto
      000112 CCr01r34         [ 2]  437 	jp	00110$
                                    438 ; genLabel
      000115                        439 00102$:
                                    440 ;	./STM8S_StdPeriph_Driver/src/stm8s_clk.c: 279: CLK->PCKENR1 &= (uint8_t)(~(uint8_t)(((uint8_t)1 << ((uint8_t)CLK_Peripheral & (uint8_t)0x0F))));
                                    441 ; genAnd
      000115 14 01            [ 1]  442 	and	a, (0x01, sp)
                                    443 ; genPointerSet
      000117 C7 50 C7         [ 1]  444 	ld	0x50c7, a
                                    445 ; genGoto
      00011A CCr01r34         [ 2]  446 	jp	00110$
                                    447 ; genLabel
      00011D                        448 00108$:
                                    449 ;	./STM8S_StdPeriph_Driver/src/stm8s_clk.c: 287: CLK->PCKENR2 |= (uint8_t)((uint8_t)1 << ((uint8_t)CLK_Peripheral & (uint8_t)0x0F));
                                    450 ; genPointerGet
      00011D C6 50 CA         [ 1]  451 	ld	a, 0x50ca
                                    452 ;	./STM8S_StdPeriph_Driver/src/stm8s_clk.c: 284: if (NewState != DISABLE)
                                    453 ; genIfx
      000120 0D 06            [ 1]  454 	tnz	(0x06, sp)
      000122 26 03            [ 1]  455 	jrne	00131$
      000124 CCr01r2F         [ 2]  456 	jp	00105$
      000127                        457 00131$:
                                    458 ;	./STM8S_StdPeriph_Driver/src/stm8s_clk.c: 287: CLK->PCKENR2 |= (uint8_t)((uint8_t)1 << ((uint8_t)CLK_Peripheral & (uint8_t)0x0F));
                                    459 ; genOr
      000127 1A 02            [ 1]  460 	or	a, (0x02, sp)
                                    461 ; genPointerSet
      000129 C7 50 CA         [ 1]  462 	ld	0x50ca, a
                                    463 ; genGoto
      00012C CCr01r34         [ 2]  464 	jp	00110$
                                    465 ; genLabel
      00012F                        466 00105$:
                                    467 ;	./STM8S_StdPeriph_Driver/src/stm8s_clk.c: 292: CLK->PCKENR2 &= (uint8_t)(~(uint8_t)(((uint8_t)1 << ((uint8_t)CLK_Peripheral & (uint8_t)0x0F))));
                                    468 ; genAnd
      00012F 14 01            [ 1]  469 	and	a, (0x01, sp)
                                    470 ; genPointerSet
      000131 C7 50 CA         [ 1]  471 	ld	0x50ca, a
                                    472 ; genLabel
      000134                        473 00110$:
                                    474 ;	./STM8S_StdPeriph_Driver/src/stm8s_clk.c: 295: }
                                    475 ; genEndFunction
      000134 85               [ 2]  476 	popw	x
      000135 81               [ 4]  477 	ret
                                    478 ;	./STM8S_StdPeriph_Driver/src/stm8s_clk.c: 309: ErrorStatus CLK_ClockSwitchConfig(CLK_SwitchMode_TypeDef CLK_SwitchMode, CLK_Source_TypeDef CLK_NewClock, FunctionalState ITState, CLK_CurrentClockState_TypeDef CLK_CurrentClockState)
                                    479 ; genLabel
                                    480 ;	-----------------------------------------
                                    481 ;	 function CLK_ClockSwitchConfig
                                    482 ;	-----------------------------------------
                                    483 ;	Register assignment might be sub-optimal.
                                    484 ;	Stack space usage: 0 bytes.
      000136                        485 _CLK_ClockSwitchConfig:
                                    486 ;	./STM8S_StdPeriph_Driver/src/stm8s_clk.c: 322: clock_master = (CLK_Source_TypeDef)CLK->CMSR;
                                    487 ; genPointerGet
      000136 C6 50 C3         [ 1]  488 	ld	a, 0x50c3
      000139 90 97            [ 1]  489 	ld	yl, a
                                    490 ;	./STM8S_StdPeriph_Driver/src/stm8s_clk.c: 328: CLK->SWCR |= CLK_SWCR_SWEN;
                                    491 ; genPointerGet
      00013B C6 50 C5         [ 1]  492 	ld	a, 0x50c5
                                    493 ;	./STM8S_StdPeriph_Driver/src/stm8s_clk.c: 325: if (CLK_SwitchMode == CLK_SWITCHMODE_AUTO)
                                    494 ; genCmpEQorNE
      00013E 88               [ 1]  495 	push	a
      00013F 7B 04            [ 1]  496 	ld	a, (0x04, sp)
      000141 4A               [ 1]  497 	dec	a
      000142 84               [ 1]  498 	pop	a
      000143 26 03            [ 1]  499 	jrne	00232$
      000145 CCr01r4B         [ 2]  500 	jp	00233$
      000148                        501 00232$:
      000148 CCr01r93         [ 2]  502 	jp	00122$
      00014B                        503 00233$:
                                    504 ; skipping generated iCode
                                    505 ;	./STM8S_StdPeriph_Driver/src/stm8s_clk.c: 328: CLK->SWCR |= CLK_SWCR_SWEN;
                                    506 ; genOr
      00014B AA 02            [ 1]  507 	or	a, #0x02
                                    508 ; genPointerSet
      00014D C7 50 C5         [ 1]  509 	ld	0x50c5, a
                                    510 ; genPointerGet
      000150 C6 50 C5         [ 1]  511 	ld	a, 0x50c5
                                    512 ;	./STM8S_StdPeriph_Driver/src/stm8s_clk.c: 331: if (ITState != DISABLE)
                                    513 ; genIfx
      000153 0D 05            [ 1]  514 	tnz	(0x05, sp)
      000155 26 03            [ 1]  515 	jrne	00234$
      000157 CCr01r62         [ 2]  516 	jp	00102$
      00015A                        517 00234$:
                                    518 ;	./STM8S_StdPeriph_Driver/src/stm8s_clk.c: 333: CLK->SWCR |= CLK_SWCR_SWIEN;
                                    519 ; genOr
      00015A AA 04            [ 1]  520 	or	a, #0x04
                                    521 ; genPointerSet
      00015C C7 50 C5         [ 1]  522 	ld	0x50c5, a
                                    523 ; genGoto
      00015F CCr01r67         [ 2]  524 	jp	00103$
                                    525 ; genLabel
      000162                        526 00102$:
                                    527 ;	./STM8S_StdPeriph_Driver/src/stm8s_clk.c: 337: CLK->SWCR &= (uint8_t)(~CLK_SWCR_SWIEN);
                                    528 ; genAnd
      000162 A4 FB            [ 1]  529 	and	a, #0xfb
                                    530 ; genPointerSet
      000164 C7 50 C5         [ 1]  531 	ld	0x50c5, a
                                    532 ; genLabel
      000167                        533 00103$:
                                    534 ;	./STM8S_StdPeriph_Driver/src/stm8s_clk.c: 341: CLK->SWR = (uint8_t)CLK_NewClock;
                                    535 ; genPointerSet
      000167 AE 50 C4         [ 2]  536 	ldw	x, #0x50c4
      00016A 7B 04            [ 1]  537 	ld	a, (0x04, sp)
      00016C F7               [ 1]  538 	ld	(x), a
                                    539 ;	./STM8S_StdPeriph_Driver/src/stm8s_clk.c: 344: while((((CLK->SWCR & CLK_SWCR_SWBSY) != 0 )&& (DownCounter != 0)))
                                    540 ; genAssign
      00016D 5F               [ 1]  541 	clrw	x
      00016E 5A               [ 2]  542 	decw	x
                                    543 ; genLabel
      00016F                        544 00105$:
                                    545 ; genPointerGet
      00016F C6 50 C5         [ 1]  546 	ld	a, 0x50c5
                                    547 ; genAnd
      000172 44               [ 1]  548 	srl	a
      000173 25 03            [ 1]  549 	jrc	00235$
      000175 CCr01r82         [ 2]  550 	jp	00107$
      000178                        551 00235$:
                                    552 ; skipping generated iCode
                                    553 ; genIfx
      000178 5D               [ 2]  554 	tnzw	x
      000179 26 03            [ 1]  555 	jrne	00236$
      00017B CCr01r82         [ 2]  556 	jp	00107$
      00017E                        557 00236$:
                                    558 ;	./STM8S_StdPeriph_Driver/src/stm8s_clk.c: 346: DownCounter--;
                                    559 ; genMinus
      00017E 5A               [ 2]  560 	decw	x
                                    561 ; genGoto
      00017F CCr01r6F         [ 2]  562 	jp	00105$
                                    563 ; genLabel
      000182                        564 00107$:
                                    565 ;	./STM8S_StdPeriph_Driver/src/stm8s_clk.c: 349: if(DownCounter != 0)
                                    566 ; genIfx
      000182 5D               [ 2]  567 	tnzw	x
      000183 26 03            [ 1]  568 	jrne	00237$
      000185 CCr01r8E         [ 2]  569 	jp	00109$
      000188                        570 00237$:
                                    571 ;	./STM8S_StdPeriph_Driver/src/stm8s_clk.c: 351: Swif = SUCCESS;
                                    572 ; genAssign
      000188 A6 01            [ 1]  573 	ld	a, #0x01
      00018A 97               [ 1]  574 	ld	xl, a
                                    575 ; genGoto
      00018B CCr01rD9         [ 2]  576 	jp	00123$
                                    577 ; genLabel
      00018E                        578 00109$:
                                    579 ;	./STM8S_StdPeriph_Driver/src/stm8s_clk.c: 355: Swif = ERROR;
                                    580 ; genAssign
      00018E 4F               [ 1]  581 	clr	a
      00018F 97               [ 1]  582 	ld	xl, a
                                    583 ; genGoto
      000190 CCr01rD9         [ 2]  584 	jp	00123$
                                    585 ; genLabel
      000193                        586 00122$:
                                    587 ;	./STM8S_StdPeriph_Driver/src/stm8s_clk.c: 361: if (ITState != DISABLE)
                                    588 ; genIfx
      000193 0D 05            [ 1]  589 	tnz	(0x05, sp)
      000195 26 03            [ 1]  590 	jrne	00238$
      000197 CCr01rA2         [ 2]  591 	jp	00112$
      00019A                        592 00238$:
                                    593 ;	./STM8S_StdPeriph_Driver/src/stm8s_clk.c: 363: CLK->SWCR |= CLK_SWCR_SWIEN;
                                    594 ; genOr
      00019A AA 04            [ 1]  595 	or	a, #0x04
                                    596 ; genPointerSet
      00019C C7 50 C5         [ 1]  597 	ld	0x50c5, a
                                    598 ; genGoto
      00019F CCr01rA7         [ 2]  599 	jp	00113$
                                    600 ; genLabel
      0001A2                        601 00112$:
                                    602 ;	./STM8S_StdPeriph_Driver/src/stm8s_clk.c: 367: CLK->SWCR &= (uint8_t)(~CLK_SWCR_SWIEN);
                                    603 ; genAnd
      0001A2 A4 FB            [ 1]  604 	and	a, #0xfb
                                    605 ; genPointerSet
      0001A4 C7 50 C5         [ 1]  606 	ld	0x50c5, a
                                    607 ; genLabel
      0001A7                        608 00113$:
                                    609 ;	./STM8S_StdPeriph_Driver/src/stm8s_clk.c: 371: CLK->SWR = (uint8_t)CLK_NewClock;
                                    610 ; genPointerSet
      0001A7 AE 50 C4         [ 2]  611 	ldw	x, #0x50c4
      0001AA 7B 04            [ 1]  612 	ld	a, (0x04, sp)
      0001AC F7               [ 1]  613 	ld	(x), a
                                    614 ;	./STM8S_StdPeriph_Driver/src/stm8s_clk.c: 374: while((((CLK->SWCR & CLK_SWCR_SWIF) != 0 ) && (DownCounter != 0)))
                                    615 ; genAssign
      0001AD 5F               [ 1]  616 	clrw	x
      0001AE 5A               [ 2]  617 	decw	x
                                    618 ; genLabel
      0001AF                        619 00115$:
                                    620 ; genPointerGet
      0001AF C6 50 C5         [ 1]  621 	ld	a, 0x50c5
                                    622 ; genAnd
      0001B2 A5 08            [ 1]  623 	bcp	a, #0x08
      0001B4 26 03            [ 1]  624 	jrne	00239$
      0001B6 CCr01rC3         [ 2]  625 	jp	00117$
      0001B9                        626 00239$:
                                    627 ; skipping generated iCode
                                    628 ; genIfx
      0001B9 5D               [ 2]  629 	tnzw	x
      0001BA 26 03            [ 1]  630 	jrne	00240$
      0001BC CCr01rC3         [ 2]  631 	jp	00117$
      0001BF                        632 00240$:
                                    633 ;	./STM8S_StdPeriph_Driver/src/stm8s_clk.c: 376: DownCounter--;
                                    634 ; genMinus
      0001BF 5A               [ 2]  635 	decw	x
                                    636 ; genGoto
      0001C0 CCr01rAF         [ 2]  637 	jp	00115$
                                    638 ; genLabel
      0001C3                        639 00117$:
                                    640 ;	./STM8S_StdPeriph_Driver/src/stm8s_clk.c: 379: if(DownCounter != 0)
                                    641 ; genIfx
      0001C3 5D               [ 2]  642 	tnzw	x
      0001C4 26 03            [ 1]  643 	jrne	00241$
      0001C6 CCr01rD7         [ 2]  644 	jp	00119$
      0001C9                        645 00241$:
                                    646 ;	./STM8S_StdPeriph_Driver/src/stm8s_clk.c: 382: CLK->SWCR |= CLK_SWCR_SWEN;
                                    647 ; genPointerGet
      0001C9 C6 50 C5         [ 1]  648 	ld	a, 0x50c5
                                    649 ; genOr
      0001CC AA 02            [ 1]  650 	or	a, #0x02
                                    651 ; genPointerSet
      0001CE C7 50 C5         [ 1]  652 	ld	0x50c5, a
                                    653 ;	./STM8S_StdPeriph_Driver/src/stm8s_clk.c: 383: Swif = SUCCESS;
                                    654 ; genAssign
      0001D1 A6 01            [ 1]  655 	ld	a, #0x01
      0001D3 97               [ 1]  656 	ld	xl, a
                                    657 ; genGoto
      0001D4 CCr01rD9         [ 2]  658 	jp	00123$
                                    659 ; genLabel
      0001D7                        660 00119$:
                                    661 ;	./STM8S_StdPeriph_Driver/src/stm8s_clk.c: 387: Swif = ERROR;
                                    662 ; genAssign
      0001D7 4F               [ 1]  663 	clr	a
      0001D8 97               [ 1]  664 	ld	xl, a
                                    665 ; genLabel
      0001D9                        666 00123$:
                                    667 ;	./STM8S_StdPeriph_Driver/src/stm8s_clk.c: 390: if(Swif != ERROR)
                                    668 ; genIfx
      0001D9 9F               [ 1]  669 	ld	a, xl
      0001DA 4D               [ 1]  670 	tnz	a
      0001DB 26 03            [ 1]  671 	jrne	00242$
      0001DD CCr02r37         [ 2]  672 	jp	00136$
      0001E0                        673 00242$:
                                    674 ;	./STM8S_StdPeriph_Driver/src/stm8s_clk.c: 393: if((CLK_CurrentClockState == CLK_CURRENTCLOCKSTATE_DISABLE) && ( clock_master == CLK_SOURCE_HSI))
                                    675 ; genIfx
      0001E0 0D 06            [ 1]  676 	tnz	(0x06, sp)
      0001E2 27 03            [ 1]  677 	jreq	00243$
      0001E4 CCr01rFE         [ 2]  678 	jp	00132$
      0001E7                        679 00243$:
                                    680 ; genCmpEQorNE
      0001E7 90 9F            [ 1]  681 	ld	a, yl
      0001E9 A1 E1            [ 1]  682 	cp	a, #0xe1
      0001EB 26 03            [ 1]  683 	jrne	00245$
      0001ED CCr01rF3         [ 2]  684 	jp	00246$
      0001F0                        685 00245$:
      0001F0 CCr01rFE         [ 2]  686 	jp	00132$
      0001F3                        687 00246$:
                                    688 ; skipping generated iCode
                                    689 ;	./STM8S_StdPeriph_Driver/src/stm8s_clk.c: 395: CLK->ICKR &= (uint8_t)(~CLK_ICKR_HSIEN);
                                    690 ; genPointerGet
      0001F3 C6 50 C0         [ 1]  691 	ld	a, 0x50c0
                                    692 ; genAnd
      0001F6 A4 FE            [ 1]  693 	and	a, #0xfe
                                    694 ; genPointerSet
      0001F8 C7 50 C0         [ 1]  695 	ld	0x50c0, a
                                    696 ; genGoto
      0001FB CCr02r37         [ 2]  697 	jp	00136$
                                    698 ; genLabel
      0001FE                        699 00132$:
                                    700 ;	./STM8S_StdPeriph_Driver/src/stm8s_clk.c: 397: else if((CLK_CurrentClockState == CLK_CURRENTCLOCKSTATE_DISABLE) && ( clock_master == CLK_SOURCE_LSI))
                                    701 ; genIfx
      0001FE 0D 06            [ 1]  702 	tnz	(0x06, sp)
      000200 27 03            [ 1]  703 	jreq	00247$
      000202 CCr02r1C         [ 2]  704 	jp	00128$
      000205                        705 00247$:
                                    706 ; genCmpEQorNE
      000205 90 9F            [ 1]  707 	ld	a, yl
      000207 A1 D2            [ 1]  708 	cp	a, #0xd2
      000209 26 03            [ 1]  709 	jrne	00249$
      00020B CCr02r11         [ 2]  710 	jp	00250$
      00020E                        711 00249$:
      00020E CCr02r1C         [ 2]  712 	jp	00128$
      000211                        713 00250$:
                                    714 ; skipping generated iCode
                                    715 ;	./STM8S_StdPeriph_Driver/src/stm8s_clk.c: 399: CLK->ICKR &= (uint8_t)(~CLK_ICKR_LSIEN);
                                    716 ; genPointerGet
      000211 C6 50 C0         [ 1]  717 	ld	a, 0x50c0
                                    718 ; genAnd
      000214 A4 F7            [ 1]  719 	and	a, #0xf7
                                    720 ; genPointerSet
      000216 C7 50 C0         [ 1]  721 	ld	0x50c0, a
                                    722 ; genGoto
      000219 CCr02r37         [ 2]  723 	jp	00136$
                                    724 ; genLabel
      00021C                        725 00128$:
                                    726 ;	./STM8S_StdPeriph_Driver/src/stm8s_clk.c: 401: else if ((CLK_CurrentClockState == CLK_CURRENTCLOCKSTATE_DISABLE) && ( clock_master == CLK_SOURCE_HSE))
                                    727 ; genIfx
      00021C 0D 06            [ 1]  728 	tnz	(0x06, sp)
      00021E 27 03            [ 1]  729 	jreq	00251$
      000220 CCr02r37         [ 2]  730 	jp	00136$
      000223                        731 00251$:
                                    732 ; genCmpEQorNE
      000223 90 9F            [ 1]  733 	ld	a, yl
      000225 A1 B4            [ 1]  734 	cp	a, #0xb4
      000227 26 03            [ 1]  735 	jrne	00253$
      000229 CCr02r2F         [ 2]  736 	jp	00254$
      00022C                        737 00253$:
      00022C CCr02r37         [ 2]  738 	jp	00136$
      00022F                        739 00254$:
                                    740 ; skipping generated iCode
                                    741 ;	./STM8S_StdPeriph_Driver/src/stm8s_clk.c: 403: CLK->ECKR &= (uint8_t)(~CLK_ECKR_HSEEN);
                                    742 ; genPointerGet
      00022F C6 50 C1         [ 1]  743 	ld	a, 0x50c1
                                    744 ; genAnd
      000232 A4 FE            [ 1]  745 	and	a, #0xfe
                                    746 ; genPointerSet
      000234 C7 50 C1         [ 1]  747 	ld	0x50c1, a
                                    748 ; genLabel
      000237                        749 00136$:
                                    750 ;	./STM8S_StdPeriph_Driver/src/stm8s_clk.c: 406: return(Swif);
                                    751 ; genReturn
      000237 9F               [ 1]  752 	ld	a, xl
                                    753 ; genLabel
      000238                        754 00137$:
                                    755 ;	./STM8S_StdPeriph_Driver/src/stm8s_clk.c: 407: }
                                    756 ; genEndFunction
      000238 81               [ 4]  757 	ret
                                    758 ;	./STM8S_StdPeriph_Driver/src/stm8s_clk.c: 415: void CLK_HSIPrescalerConfig(CLK_Prescaler_TypeDef HSIPrescaler)
                                    759 ; genLabel
                                    760 ;	-----------------------------------------
                                    761 ;	 function CLK_HSIPrescalerConfig
                                    762 ;	-----------------------------------------
                                    763 ;	Register assignment is optimal.
                                    764 ;	Stack space usage: 0 bytes.
      000239                        765 _CLK_HSIPrescalerConfig:
                                    766 ;	./STM8S_StdPeriph_Driver/src/stm8s_clk.c: 421: CLK->CKDIVR &= (uint8_t)(~CLK_CKDIVR_HSIDIV);
                                    767 ; genPointerGet
      000239 C6 50 C6         [ 1]  768 	ld	a, 0x50c6
                                    769 ; genAnd
      00023C A4 E7            [ 1]  770 	and	a, #0xe7
                                    771 ; genPointerSet
      00023E C7 50 C6         [ 1]  772 	ld	0x50c6, a
                                    773 ;	./STM8S_StdPeriph_Driver/src/stm8s_clk.c: 424: CLK->CKDIVR |= (uint8_t)HSIPrescaler;
                                    774 ; genPointerGet
      000241 C6 50 C6         [ 1]  775 	ld	a, 0x50c6
                                    776 ; genOr
      000244 1A 03            [ 1]  777 	or	a, (0x03, sp)
                                    778 ; genPointerSet
      000246 C7 50 C6         [ 1]  779 	ld	0x50c6, a
                                    780 ; genLabel
      000249                        781 00101$:
                                    782 ;	./STM8S_StdPeriph_Driver/src/stm8s_clk.c: 425: }
                                    783 ; genEndFunction
      000249 81               [ 4]  784 	ret
                                    785 ;	./STM8S_StdPeriph_Driver/src/stm8s_clk.c: 436: void CLK_CCOConfig(CLK_Output_TypeDef CLK_CCO)
                                    786 ; genLabel
                                    787 ;	-----------------------------------------
                                    788 ;	 function CLK_CCOConfig
                                    789 ;	-----------------------------------------
                                    790 ;	Register assignment is optimal.
                                    791 ;	Stack space usage: 0 bytes.
      00024A                        792 _CLK_CCOConfig:
                                    793 ;	./STM8S_StdPeriph_Driver/src/stm8s_clk.c: 442: CLK->CCOR &= (uint8_t)(~CLK_CCOR_CCOSEL);
                                    794 ; genPointerGet
      00024A C6 50 C9         [ 1]  795 	ld	a, 0x50c9
                                    796 ; genAnd
      00024D A4 E1            [ 1]  797 	and	a, #0xe1
                                    798 ; genPointerSet
      00024F C7 50 C9         [ 1]  799 	ld	0x50c9, a
                                    800 ;	./STM8S_StdPeriph_Driver/src/stm8s_clk.c: 445: CLK->CCOR |= (uint8_t)CLK_CCO;
                                    801 ; genPointerGet
      000252 C6 50 C9         [ 1]  802 	ld	a, 0x50c9
                                    803 ; genOr
      000255 1A 03            [ 1]  804 	or	a, (0x03, sp)
                                    805 ; genPointerSet
      000257 C7 50 C9         [ 1]  806 	ld	0x50c9, a
                                    807 ;	./STM8S_StdPeriph_Driver/src/stm8s_clk.c: 448: CLK->CCOR |= CLK_CCOR_CCOEN;
                                    808 ; genPointerGet
      00025A C6 50 C9         [ 1]  809 	ld	a, 0x50c9
                                    810 ; genOr
      00025D AA 01            [ 1]  811 	or	a, #0x01
                                    812 ; genPointerSet
      00025F C7 50 C9         [ 1]  813 	ld	0x50c9, a
                                    814 ; genLabel
      000262                        815 00101$:
                                    816 ;	./STM8S_StdPeriph_Driver/src/stm8s_clk.c: 449: }
                                    817 ; genEndFunction
      000262 81               [ 4]  818 	ret
                                    819 ;	./STM8S_StdPeriph_Driver/src/stm8s_clk.c: 459: void CLK_ITConfig(CLK_IT_TypeDef CLK_IT, FunctionalState NewState)
                                    820 ; genLabel
                                    821 ;	-----------------------------------------
                                    822 ;	 function CLK_ITConfig
                                    823 ;	-----------------------------------------
                                    824 ;	Register assignment is optimal.
                                    825 ;	Stack space usage: 1 bytes.
      000263                        826 _CLK_ITConfig:
      000263 88               [ 1]  827 	push	a
                                    828 ;	./STM8S_StdPeriph_Driver/src/stm8s_clk.c: 467: switch (CLK_IT)
                                    829 ; genCmpEQorNE
      000264 7B 04            [ 1]  830 	ld	a, (0x04, sp)
      000266 A1 0C            [ 1]  831 	cp	a, #0x0c
      000268 26 07            [ 1]  832 	jrne	00140$
      00026A A6 01            [ 1]  833 	ld	a, #0x01
      00026C 6B 01            [ 1]  834 	ld	(0x01, sp), a
      00026E CCr02r73         [ 2]  835 	jp	00141$
      000271                        836 00140$:
      000271 0F 01            [ 1]  837 	clr	(0x01, sp)
      000273                        838 00141$:
                                    839 ; genCmpEQorNE
      000273 7B 04            [ 1]  840 	ld	a, (0x04, sp)
      000275 A1 1C            [ 1]  841 	cp	a, #0x1c
      000277 26 05            [ 1]  842 	jrne	00143$
      000279 A6 01            [ 1]  843 	ld	a, #0x01
      00027B CCr02r7F         [ 2]  844 	jp	00144$
      00027E                        845 00143$:
      00027E 4F               [ 1]  846 	clr	a
      00027F                        847 00144$:
                                    848 ;	./STM8S_StdPeriph_Driver/src/stm8s_clk.c: 465: if (NewState != DISABLE)
                                    849 ; genIfx
      00027F 0D 05            [ 1]  850 	tnz	(0x05, sp)
      000281 26 03            [ 1]  851 	jrne	00145$
      000283 CCr02rA9         [ 2]  852 	jp	00110$
      000286                        853 00145$:
                                    854 ;	./STM8S_StdPeriph_Driver/src/stm8s_clk.c: 467: switch (CLK_IT)
                                    855 ; genIfx
      000286 0D 01            [ 1]  856 	tnz	(0x01, sp)
      000288 27 03            [ 1]  857 	jreq	00146$
      00028A CCr02r9E         [ 2]  858 	jp	00102$
      00028D                        859 00146$:
                                    860 ; genIfx
      00028D 4D               [ 1]  861 	tnz	a
      00028E 26 03            [ 1]  862 	jrne	00147$
      000290 CCr02rC9         [ 2]  863 	jp	00112$
      000293                        864 00147$:
                                    865 ;	./STM8S_StdPeriph_Driver/src/stm8s_clk.c: 470: CLK->SWCR |= CLK_SWCR_SWIEN;
                                    866 ; genPointerGet
      000293 C6 50 C5         [ 1]  867 	ld	a, 0x50c5
                                    868 ; genOr
      000296 AA 04            [ 1]  869 	or	a, #0x04
                                    870 ; genPointerSet
      000298 C7 50 C5         [ 1]  871 	ld	0x50c5, a
                                    872 ;	./STM8S_StdPeriph_Driver/src/stm8s_clk.c: 471: break;
                                    873 ; genGoto
      00029B CCr02rC9         [ 2]  874 	jp	00112$
                                    875 ;	./STM8S_StdPeriph_Driver/src/stm8s_clk.c: 472: case CLK_IT_CSSD: /* Enable the clock security system detection interrupt */
                                    876 ; genLabel
      00029E                        877 00102$:
                                    878 ;	./STM8S_StdPeriph_Driver/src/stm8s_clk.c: 473: CLK->CSSR |= CLK_CSSR_CSSDIE;
                                    879 ; genPointerGet
      00029E C6 50 C8         [ 1]  880 	ld	a, 0x50c8
                                    881 ; genOr
      0002A1 AA 04            [ 1]  882 	or	a, #0x04
                                    883 ; genPointerSet
      0002A3 C7 50 C8         [ 1]  884 	ld	0x50c8, a
                                    885 ;	./STM8S_StdPeriph_Driver/src/stm8s_clk.c: 474: break;
                                    886 ; genGoto
      0002A6 CCr02rC9         [ 2]  887 	jp	00112$
                                    888 ;	./STM8S_StdPeriph_Driver/src/stm8s_clk.c: 477: }
                                    889 ; genLabel
      0002A9                        890 00110$:
                                    891 ;	./STM8S_StdPeriph_Driver/src/stm8s_clk.c: 481: switch (CLK_IT)
                                    892 ; genIfx
      0002A9 0D 01            [ 1]  893 	tnz	(0x01, sp)
      0002AB 27 03            [ 1]  894 	jreq	00148$
      0002AD CCr02rC1         [ 2]  895 	jp	00106$
      0002B0                        896 00148$:
                                    897 ; genIfx
      0002B0 4D               [ 1]  898 	tnz	a
      0002B1 26 03            [ 1]  899 	jrne	00149$
      0002B3 CCr02rC9         [ 2]  900 	jp	00112$
      0002B6                        901 00149$:
                                    902 ;	./STM8S_StdPeriph_Driver/src/stm8s_clk.c: 484: CLK->SWCR  &= (uint8_t)(~CLK_SWCR_SWIEN);
                                    903 ; genPointerGet
      0002B6 C6 50 C5         [ 1]  904 	ld	a, 0x50c5
                                    905 ; genAnd
      0002B9 A4 FB            [ 1]  906 	and	a, #0xfb
                                    907 ; genPointerSet
      0002BB C7 50 C5         [ 1]  908 	ld	0x50c5, a
                                    909 ;	./STM8S_StdPeriph_Driver/src/stm8s_clk.c: 485: break;
                                    910 ; genGoto
      0002BE CCr02rC9         [ 2]  911 	jp	00112$
                                    912 ;	./STM8S_StdPeriph_Driver/src/stm8s_clk.c: 486: case CLK_IT_CSSD: /* Disable the clock security system detection interrupt */
                                    913 ; genLabel
      0002C1                        914 00106$:
                                    915 ;	./STM8S_StdPeriph_Driver/src/stm8s_clk.c: 487: CLK->CSSR &= (uint8_t)(~CLK_CSSR_CSSDIE);
                                    916 ; genPointerGet
      0002C1 C6 50 C8         [ 1]  917 	ld	a, 0x50c8
                                    918 ; genAnd
      0002C4 A4 FB            [ 1]  919 	and	a, #0xfb
                                    920 ; genPointerSet
      0002C6 C7 50 C8         [ 1]  921 	ld	0x50c8, a
                                    922 ;	./STM8S_StdPeriph_Driver/src/stm8s_clk.c: 491: }
                                    923 ; genLabel
      0002C9                        924 00112$:
                                    925 ;	./STM8S_StdPeriph_Driver/src/stm8s_clk.c: 493: }
                                    926 ; genEndFunction
      0002C9 84               [ 1]  927 	pop	a
      0002CA 81               [ 4]  928 	ret
                                    929 ;	./STM8S_StdPeriph_Driver/src/stm8s_clk.c: 500: void CLK_SYSCLKConfig(CLK_Prescaler_TypeDef CLK_Prescaler)
                                    930 ; genLabel
                                    931 ;	-----------------------------------------
                                    932 ;	 function CLK_SYSCLKConfig
                                    933 ;	-----------------------------------------
                                    934 ;	Register assignment is optimal.
                                    935 ;	Stack space usage: 2 bytes.
      0002CB                        936 _CLK_SYSCLKConfig:
      0002CB 89               [ 2]  937 	pushw	x
                                    938 ;	./STM8S_StdPeriph_Driver/src/stm8s_clk.c: 507: CLK->CKDIVR &= (uint8_t)(~CLK_CKDIVR_HSIDIV);
                                    939 ; genPointerGet
      0002CC C6 50 C6         [ 1]  940 	ld	a, 0x50c6
                                    941 ;	./STM8S_StdPeriph_Driver/src/stm8s_clk.c: 505: if (((uint8_t)CLK_Prescaler & (uint8_t)0x80) == 0x00) /* Bit7 = 0 means HSI divider */
                                    942 ; genAnd
      0002CF 0D 05            [ 1]  943 	tnz	(0x05, sp)
      0002D1 2A 03            [ 1]  944 	jrpl	00111$
      0002D3 CCr02rEC         [ 2]  945 	jp	00102$
      0002D6                        946 00111$:
                                    947 ; skipping generated iCode
                                    948 ;	./STM8S_StdPeriph_Driver/src/stm8s_clk.c: 507: CLK->CKDIVR &= (uint8_t)(~CLK_CKDIVR_HSIDIV);
                                    949 ; genAnd
      0002D6 A4 E7            [ 1]  950 	and	a, #0xe7
                                    951 ; genPointerSet
      0002D8 C7 50 C6         [ 1]  952 	ld	0x50c6, a
                                    953 ;	./STM8S_StdPeriph_Driver/src/stm8s_clk.c: 508: CLK->CKDIVR |= (uint8_t)((uint8_t)CLK_Prescaler & (uint8_t)CLK_CKDIVR_HSIDIV);
                                    954 ; genPointerGet
      0002DB C6 50 C6         [ 1]  955 	ld	a, 0x50c6
      0002DE 6B 02            [ 1]  956 	ld	(0x02, sp), a
                                    957 ; genAnd
      0002E0 7B 05            [ 1]  958 	ld	a, (0x05, sp)
      0002E2 A4 18            [ 1]  959 	and	a, #0x18
                                    960 ; genOr
      0002E4 1A 02            [ 1]  961 	or	a, (0x02, sp)
                                    962 ; genPointerSet
      0002E6 C7 50 C6         [ 1]  963 	ld	0x50c6, a
                                    964 ; genGoto
      0002E9 CCr02rFF         [ 2]  965 	jp	00104$
                                    966 ; genLabel
      0002EC                        967 00102$:
                                    968 ;	./STM8S_StdPeriph_Driver/src/stm8s_clk.c: 512: CLK->CKDIVR &= (uint8_t)(~CLK_CKDIVR_CPUDIV);
                                    969 ; genAnd
      0002EC A4 F8            [ 1]  970 	and	a, #0xf8
                                    971 ; genPointerSet
      0002EE C7 50 C6         [ 1]  972 	ld	0x50c6, a
                                    973 ;	./STM8S_StdPeriph_Driver/src/stm8s_clk.c: 513: CLK->CKDIVR |= (uint8_t)((uint8_t)CLK_Prescaler & (uint8_t)CLK_CKDIVR_CPUDIV);
                                    974 ; genPointerGet
      0002F1 C6 50 C6         [ 1]  975 	ld	a, 0x50c6
      0002F4 6B 01            [ 1]  976 	ld	(0x01, sp), a
                                    977 ; genAnd
      0002F6 7B 05            [ 1]  978 	ld	a, (0x05, sp)
      0002F8 A4 07            [ 1]  979 	and	a, #0x07
                                    980 ; genOr
      0002FA 1A 01            [ 1]  981 	or	a, (0x01, sp)
                                    982 ; genPointerSet
      0002FC C7 50 C6         [ 1]  983 	ld	0x50c6, a
                                    984 ; genLabel
      0002FF                        985 00104$:
                                    986 ;	./STM8S_StdPeriph_Driver/src/stm8s_clk.c: 515: }
                                    987 ; genEndFunction
      0002FF 85               [ 2]  988 	popw	x
      000300 81               [ 4]  989 	ret
                                    990 ;	./STM8S_StdPeriph_Driver/src/stm8s_clk.c: 523: void CLK_SWIMConfig(CLK_SWIMDivider_TypeDef CLK_SWIMDivider)
                                    991 ; genLabel
                                    992 ;	-----------------------------------------
                                    993 ;	 function CLK_SWIMConfig
                                    994 ;	-----------------------------------------
                                    995 ;	Register assignment is optimal.
                                    996 ;	Stack space usage: 0 bytes.
      000301                        997 _CLK_SWIMConfig:
                                    998 ;	./STM8S_StdPeriph_Driver/src/stm8s_clk.c: 531: CLK->SWIMCCR |= CLK_SWIMCCR_SWIMDIV;
                                    999 ; genPointerGet
      000301 C6 50 CD         [ 1] 1000 	ld	a, 0x50cd
                                   1001 ;	./STM8S_StdPeriph_Driver/src/stm8s_clk.c: 528: if (CLK_SWIMDivider != CLK_SWIMDIVIDER_2)
                                   1002 ; genIfx
      000304 0D 03            [ 1] 1003 	tnz	(0x03, sp)
      000306 26 03            [ 1] 1004 	jrne	00111$
      000308 CCr03r13         [ 2] 1005 	jp	00102$
      00030B                       1006 00111$:
                                   1007 ;	./STM8S_StdPeriph_Driver/src/stm8s_clk.c: 531: CLK->SWIMCCR |= CLK_SWIMCCR_SWIMDIV;
                                   1008 ; genOr
      00030B AA 01            [ 1] 1009 	or	a, #0x01
                                   1010 ; genPointerSet
      00030D C7 50 CD         [ 1] 1011 	ld	0x50cd, a
                                   1012 ; genGoto
      000310 CCr03r18         [ 2] 1013 	jp	00104$
                                   1014 ; genLabel
      000313                       1015 00102$:
                                   1016 ;	./STM8S_StdPeriph_Driver/src/stm8s_clk.c: 536: CLK->SWIMCCR &= (uint8_t)(~CLK_SWIMCCR_SWIMDIV);
                                   1017 ; genAnd
      000313 A4 FE            [ 1] 1018 	and	a, #0xfe
                                   1019 ; genPointerSet
      000315 C7 50 CD         [ 1] 1020 	ld	0x50cd, a
                                   1021 ; genLabel
      000318                       1022 00104$:
                                   1023 ;	./STM8S_StdPeriph_Driver/src/stm8s_clk.c: 538: }
                                   1024 ; genEndFunction
      000318 81               [ 4] 1025 	ret
                                   1026 ;	./STM8S_StdPeriph_Driver/src/stm8s_clk.c: 547: void CLK_ClockSecuritySystemEnable(void)
                                   1027 ; genLabel
                                   1028 ;	-----------------------------------------
                                   1029 ;	 function CLK_ClockSecuritySystemEnable
                                   1030 ;	-----------------------------------------
                                   1031 ;	Register assignment is optimal.
                                   1032 ;	Stack space usage: 0 bytes.
      000319                       1033 _CLK_ClockSecuritySystemEnable:
                                   1034 ;	./STM8S_StdPeriph_Driver/src/stm8s_clk.c: 550: CLK->CSSR |= CLK_CSSR_CSSEN;
                                   1035 ; genPointerGet
      000319 C6 50 C8         [ 1] 1036 	ld	a, 0x50c8
                                   1037 ; genOr
      00031C AA 01            [ 1] 1038 	or	a, #0x01
                                   1039 ; genPointerSet
      00031E C7 50 C8         [ 1] 1040 	ld	0x50c8, a
                                   1041 ; genLabel
      000321                       1042 00101$:
                                   1043 ;	./STM8S_StdPeriph_Driver/src/stm8s_clk.c: 551: }
                                   1044 ; genEndFunction
      000321 81               [ 4] 1045 	ret
                                   1046 ;	./STM8S_StdPeriph_Driver/src/stm8s_clk.c: 559: CLK_Source_TypeDef CLK_GetSYSCLKSource(void)
                                   1047 ; genLabel
                                   1048 ;	-----------------------------------------
                                   1049 ;	 function CLK_GetSYSCLKSource
                                   1050 ;	-----------------------------------------
                                   1051 ;	Register assignment is optimal.
                                   1052 ;	Stack space usage: 0 bytes.
      000322                       1053 _CLK_GetSYSCLKSource:
                                   1054 ;	./STM8S_StdPeriph_Driver/src/stm8s_clk.c: 561: return((CLK_Source_TypeDef)CLK->CMSR);
                                   1055 ; genPointerGet
      000322 C6 50 C3         [ 1] 1056 	ld	a, 0x50c3
                                   1057 ; genReturn
                                   1058 ; genLabel
      000325                       1059 00101$:
                                   1060 ;	./STM8S_StdPeriph_Driver/src/stm8s_clk.c: 562: }
                                   1061 ; genEndFunction
      000325 81               [ 4] 1062 	ret
                                   1063 ;	./STM8S_StdPeriph_Driver/src/stm8s_clk.c: 570: uint32_t CLK_GetClockFreq(void)
                                   1064 ; genLabel
                                   1065 ;	-----------------------------------------
                                   1066 ;	 function CLK_GetClockFreq
                                   1067 ;	-----------------------------------------
                                   1068 ;	Register assignment might be sub-optimal.
                                   1069 ;	Stack space usage: 5 bytes.
      000326                       1070 _CLK_GetClockFreq:
      000326 52 05            [ 2] 1071 	sub	sp, #5
                                   1072 ;	./STM8S_StdPeriph_Driver/src/stm8s_clk.c: 577: clocksource = (CLK_Source_TypeDef)CLK->CMSR;
                                   1073 ; genPointerGet
      000328 C6 50 C3         [ 1] 1074 	ld	a, 0x50c3
      00032B 6B 01            [ 1] 1075 	ld	(0x01, sp), a
                                   1076 ;	./STM8S_StdPeriph_Driver/src/stm8s_clk.c: 579: if (clocksource == CLK_SOURCE_HSI)
                                   1077 ; genCmpEQorNE
      00032D 7B 01            [ 1] 1078 	ld	a, (0x01, sp)
      00032F A1 E1            [ 1] 1079 	cp	a, #0xe1
      000331 26 03            [ 1] 1080 	jrne	00120$
      000333 CCr03r39         [ 2] 1081 	jp	00121$
      000336                       1082 00120$:
      000336 CCr03r60         [ 2] 1083 	jp	00105$
      000339                       1084 00121$:
                                   1085 ; skipping generated iCode
                                   1086 ;	./STM8S_StdPeriph_Driver/src/stm8s_clk.c: 581: tmp = (uint8_t)(CLK->CKDIVR & CLK_CKDIVR_HSIDIV);
                                   1087 ; genPointerGet
      000339 C6 50 C6         [ 1] 1088 	ld	a, 0x50c6
                                   1089 ; genAnd
      00033C A4 18            [ 1] 1090 	and	a, #0x18
                                   1091 ;	./STM8S_StdPeriph_Driver/src/stm8s_clk.c: 582: tmp = (uint8_t)(tmp >> 3);
                                   1092 ; genRightShiftLiteral
      00033E 44               [ 1] 1093 	srl	a
      00033F 44               [ 1] 1094 	srl	a
      000340 44               [ 1] 1095 	srl	a
                                   1096 ;	./STM8S_StdPeriph_Driver/src/stm8s_clk.c: 583: presc = HSIDivFactor[tmp];
                                   1097 ; skipping iCode since result will be rematerialized
                                   1098 ; genPlus
      000341 5F               [ 1] 1099 	clrw	x
      000342 97               [ 1] 1100 	ld	xl, a
      000343 1Cr00r00         [ 2] 1101 	addw	x, #_HSIDivFactor
                                   1102 ; genPointerGet
      000346 F6               [ 1] 1103 	ld	a, (x)
                                   1104 ;	./STM8S_StdPeriph_Driver/src/stm8s_clk.c: 584: clockfrequency = HSI_VALUE / presc;
                                   1105 ; genCast
                                   1106 ; genAssign
      000347 5F               [ 1] 1107 	clrw	x
      000348 97               [ 1] 1108 	ld	xl, a
      000349 90 5F            [ 1] 1109 	clrw	y
                                   1110 ; genIPush
      00034B 89               [ 2] 1111 	pushw	x
      00034C 90 89            [ 2] 1112 	pushw	y
                                   1113 ; genIPush
      00034E 4B 00            [ 1] 1114 	push	#0x00
      000350 4B 24            [ 1] 1115 	push	#0x24
      000352 4B F4            [ 1] 1116 	push	#0xf4
      000354 4B 00            [ 1] 1117 	push	#0x00
                                   1118 ; genCall
      000356 CDr00r00         [ 4] 1119 	call	__divulong
      000359 5B 08            [ 2] 1120 	addw	sp, #8
                                   1121 ; genAssign
      00035B 1F 04            [ 2] 1122 	ldw	(0x04, sp), x
                                   1123 ; genGoto
      00035D CCr03r81         [ 2] 1124 	jp	00106$
                                   1125 ; genLabel
      000360                       1126 00105$:
                                   1127 ;	./STM8S_StdPeriph_Driver/src/stm8s_clk.c: 586: else if ( clocksource == CLK_SOURCE_LSI)
                                   1128 ; genCmpEQorNE
      000360 7B 01            [ 1] 1129 	ld	a, (0x01, sp)
      000362 A1 D2            [ 1] 1130 	cp	a, #0xd2
      000364 26 03            [ 1] 1131 	jrne	00123$
      000366 CCr03r6C         [ 2] 1132 	jp	00124$
      000369                       1133 00123$:
      000369 CCr03r78         [ 2] 1134 	jp	00102$
      00036C                       1135 00124$:
                                   1136 ; skipping generated iCode
                                   1137 ;	./STM8S_StdPeriph_Driver/src/stm8s_clk.c: 588: clockfrequency = LSI_VALUE;
                                   1138 ; genAssign
      00036C AE F4 00         [ 2] 1139 	ldw	x, #0xf400
      00036F 1F 04            [ 2] 1140 	ldw	(0x04, sp), x
      000371 90 AE 00 01      [ 2] 1141 	ldw	y, #0x0001
                                   1142 ; genGoto
      000375 CCr03r81         [ 2] 1143 	jp	00106$
                                   1144 ; genLabel
      000378                       1145 00102$:
                                   1146 ;	./STM8S_StdPeriph_Driver/src/stm8s_clk.c: 592: clockfrequency = HSE_VALUE;
                                   1147 ; genAssign
      000378 AE 24 00         [ 2] 1148 	ldw	x, #0x2400
      00037B 1F 04            [ 2] 1149 	ldw	(0x04, sp), x
      00037D 90 AE 00 F4      [ 2] 1150 	ldw	y, #0x00f4
                                   1151 ; genLabel
      000381                       1152 00106$:
                                   1153 ;	./STM8S_StdPeriph_Driver/src/stm8s_clk.c: 595: return((uint32_t)clockfrequency);
                                   1154 ; genReturn
      000381 1E 04            [ 2] 1155 	ldw	x, (0x04, sp)
                                   1156 ; genLabel
      000383                       1157 00107$:
                                   1158 ;	./STM8S_StdPeriph_Driver/src/stm8s_clk.c: 596: }
                                   1159 ; genEndFunction
      000383 5B 05            [ 2] 1160 	addw	sp, #5
      000385 81               [ 4] 1161 	ret
                                   1162 ;	./STM8S_StdPeriph_Driver/src/stm8s_clk.c: 605: void CLK_AdjustHSICalibrationValue(CLK_HSITrimValue_TypeDef CLK_HSICalibrationValue)
                                   1163 ; genLabel
                                   1164 ;	-----------------------------------------
                                   1165 ;	 function CLK_AdjustHSICalibrationValue
                                   1166 ;	-----------------------------------------
                                   1167 ;	Register assignment is optimal.
                                   1168 ;	Stack space usage: 0 bytes.
      000386                       1169 _CLK_AdjustHSICalibrationValue:
                                   1170 ;	./STM8S_StdPeriph_Driver/src/stm8s_clk.c: 611: CLK->HSITRIMR = (uint8_t)( (uint8_t)(CLK->HSITRIMR & (uint8_t)(~CLK_HSITRIMR_HSITRIM))|((uint8_t)CLK_HSICalibrationValue));
                                   1171 ; genPointerGet
      000386 C6 50 CC         [ 1] 1172 	ld	a, 0x50cc
                                   1173 ; genAnd
      000389 A4 F8            [ 1] 1174 	and	a, #0xf8
                                   1175 ; genOr
      00038B 1A 03            [ 1] 1176 	or	a, (0x03, sp)
                                   1177 ; genPointerSet
      00038D C7 50 CC         [ 1] 1178 	ld	0x50cc, a
                                   1179 ; genLabel
      000390                       1180 00101$:
                                   1181 ;	./STM8S_StdPeriph_Driver/src/stm8s_clk.c: 612: }
                                   1182 ; genEndFunction
      000390 81               [ 4] 1183 	ret
                                   1184 ;	./STM8S_StdPeriph_Driver/src/stm8s_clk.c: 623: void CLK_SYSCLKEmergencyClear(void)
                                   1185 ; genLabel
                                   1186 ;	-----------------------------------------
                                   1187 ;	 function CLK_SYSCLKEmergencyClear
                                   1188 ;	-----------------------------------------
                                   1189 ;	Register assignment is optimal.
                                   1190 ;	Stack space usage: 0 bytes.
      000391                       1191 _CLK_SYSCLKEmergencyClear:
                                   1192 ;	./STM8S_StdPeriph_Driver/src/stm8s_clk.c: 625: CLK->SWCR &= (uint8_t)(~CLK_SWCR_SWBSY);
                                   1193 ; genPointerGet
      000391 C6 50 C5         [ 1] 1194 	ld	a, 0x50c5
                                   1195 ; genAnd
      000394 A4 FE            [ 1] 1196 	and	a, #0xfe
                                   1197 ; genPointerSet
      000396 C7 50 C5         [ 1] 1198 	ld	0x50c5, a
                                   1199 ; genLabel
      000399                       1200 00101$:
                                   1201 ;	./STM8S_StdPeriph_Driver/src/stm8s_clk.c: 626: }
                                   1202 ; genEndFunction
      000399 81               [ 4] 1203 	ret
                                   1204 ;	./STM8S_StdPeriph_Driver/src/stm8s_clk.c: 635: FlagStatus CLK_GetFlagStatus(CLK_Flag_TypeDef CLK_FLAG)
                                   1205 ; genLabel
                                   1206 ;	-----------------------------------------
                                   1207 ;	 function CLK_GetFlagStatus
                                   1208 ;	-----------------------------------------
                                   1209 ;	Register assignment is optimal.
                                   1210 ;	Stack space usage: 1 bytes.
      00039A                       1211 _CLK_GetFlagStatus:
      00039A 88               [ 1] 1212 	push	a
                                   1213 ;	./STM8S_StdPeriph_Driver/src/stm8s_clk.c: 645: statusreg = (uint16_t)((uint16_t)CLK_FLAG & (uint16_t)0xFF00);
                                   1214 ; genAnd
      00039B 4F               [ 1] 1215 	clr	a
      00039C 97               [ 1] 1216 	ld	xl, a
      00039D 7B 04            [ 1] 1217 	ld	a, (0x04, sp)
                                   1218 ; genAssign
      00039F 95               [ 1] 1219 	ld	xh, a
                                   1220 ;	./STM8S_StdPeriph_Driver/src/stm8s_clk.c: 648: if (statusreg == 0x0100) /* The flag to check is in ICKRregister */
                                   1221 ; genCmpEQorNE
      0003A0 A3 01 00         [ 2] 1222 	cpw	x, #0x0100
      0003A3 26 03            [ 1] 1223 	jrne	00144$
      0003A5 CCr03rAB         [ 2] 1224 	jp	00145$
      0003A8                       1225 00144$:
      0003A8 CCr03rB1         [ 2] 1226 	jp	00111$
      0003AB                       1227 00145$:
                                   1228 ; skipping generated iCode
                                   1229 ;	./STM8S_StdPeriph_Driver/src/stm8s_clk.c: 650: tmpreg = CLK->ICKR;
                                   1230 ; genPointerGet
      0003AB C6 50 C0         [ 1] 1231 	ld	a, 0x50c0
                                   1232 ; genGoto
      0003AE CCr03rE7         [ 2] 1233 	jp	00112$
                                   1234 ; genLabel
      0003B1                       1235 00111$:
                                   1236 ;	./STM8S_StdPeriph_Driver/src/stm8s_clk.c: 652: else if (statusreg == 0x0200) /* The flag to check is in ECKRregister */
                                   1237 ; genCmpEQorNE
      0003B1 A3 02 00         [ 2] 1238 	cpw	x, #0x0200
      0003B4 26 03            [ 1] 1239 	jrne	00147$
      0003B6 CCr03rBC         [ 2] 1240 	jp	00148$
      0003B9                       1241 00147$:
      0003B9 CCr03rC2         [ 2] 1242 	jp	00108$
      0003BC                       1243 00148$:
                                   1244 ; skipping generated iCode
                                   1245 ;	./STM8S_StdPeriph_Driver/src/stm8s_clk.c: 654: tmpreg = CLK->ECKR;
                                   1246 ; genPointerGet
      0003BC C6 50 C1         [ 1] 1247 	ld	a, 0x50c1
                                   1248 ; genGoto
      0003BF CCr03rE7         [ 2] 1249 	jp	00112$
                                   1250 ; genLabel
      0003C2                       1251 00108$:
                                   1252 ;	./STM8S_StdPeriph_Driver/src/stm8s_clk.c: 656: else if (statusreg == 0x0300) /* The flag to check is in SWIC register */
                                   1253 ; genCmpEQorNE
      0003C2 A3 03 00         [ 2] 1254 	cpw	x, #0x0300
      0003C5 26 03            [ 1] 1255 	jrne	00150$
      0003C7 CCr03rCD         [ 2] 1256 	jp	00151$
      0003CA                       1257 00150$:
      0003CA CCr03rD3         [ 2] 1258 	jp	00105$
      0003CD                       1259 00151$:
                                   1260 ; skipping generated iCode
                                   1261 ;	./STM8S_StdPeriph_Driver/src/stm8s_clk.c: 658: tmpreg = CLK->SWCR;
                                   1262 ; genPointerGet
      0003CD C6 50 C5         [ 1] 1263 	ld	a, 0x50c5
                                   1264 ; genGoto
      0003D0 CCr03rE7         [ 2] 1265 	jp	00112$
                                   1266 ; genLabel
      0003D3                       1267 00105$:
                                   1268 ;	./STM8S_StdPeriph_Driver/src/stm8s_clk.c: 660: else if (statusreg == 0x0400) /* The flag to check is in CSS register */
                                   1269 ; genCmpEQorNE
      0003D3 A3 04 00         [ 2] 1270 	cpw	x, #0x0400
      0003D6 26 03            [ 1] 1271 	jrne	00153$
      0003D8 CCr03rDE         [ 2] 1272 	jp	00154$
      0003DB                       1273 00153$:
      0003DB CCr03rE4         [ 2] 1274 	jp	00102$
      0003DE                       1275 00154$:
                                   1276 ; skipping generated iCode
                                   1277 ;	./STM8S_StdPeriph_Driver/src/stm8s_clk.c: 662: tmpreg = CLK->CSSR;
                                   1278 ; genPointerGet
      0003DE C6 50 C8         [ 1] 1279 	ld	a, 0x50c8
                                   1280 ; genGoto
      0003E1 CCr03rE7         [ 2] 1281 	jp	00112$
                                   1282 ; genLabel
      0003E4                       1283 00102$:
                                   1284 ;	./STM8S_StdPeriph_Driver/src/stm8s_clk.c: 666: tmpreg = CLK->CCOR;
                                   1285 ; genPointerGet
      0003E4 C6 50 C9         [ 1] 1286 	ld	a, 0x50c9
                                   1287 ; genLabel
      0003E7                       1288 00112$:
                                   1289 ;	./STM8S_StdPeriph_Driver/src/stm8s_clk.c: 669: if ((tmpreg & (uint8_t)CLK_FLAG) != (uint8_t)RESET)
                                   1290 ; genCast
                                   1291 ; genAssign
      0003E7 88               [ 1] 1292 	push	a
      0003E8 7B 06            [ 1] 1293 	ld	a, (0x06, sp)
      0003EA 6B 02            [ 1] 1294 	ld	(0x02, sp), a
      0003EC 84               [ 1] 1295 	pop	a
                                   1296 ; genAnd
      0003ED 14 01            [ 1] 1297 	and	a, (0x01, sp)
                                   1298 ; genIfx
      0003EF 4D               [ 1] 1299 	tnz	a
      0003F0 26 03            [ 1] 1300 	jrne	00155$
      0003F2 CCr03rFA         [ 2] 1301 	jp	00114$
      0003F5                       1302 00155$:
                                   1303 ;	./STM8S_StdPeriph_Driver/src/stm8s_clk.c: 671: bitstatus = SET;
                                   1304 ; genAssign
      0003F5 A6 01            [ 1] 1305 	ld	a, #0x01
                                   1306 ; genGoto
      0003F7 CCr03rFB         [ 2] 1307 	jp	00115$
                                   1308 ; genLabel
      0003FA                       1309 00114$:
                                   1310 ;	./STM8S_StdPeriph_Driver/src/stm8s_clk.c: 675: bitstatus = RESET;
                                   1311 ; genAssign
      0003FA 4F               [ 1] 1312 	clr	a
                                   1313 ; genLabel
      0003FB                       1314 00115$:
                                   1315 ;	./STM8S_StdPeriph_Driver/src/stm8s_clk.c: 679: return((FlagStatus)bitstatus);
                                   1316 ; genReturn
                                   1317 ; genLabel
      0003FB                       1318 00116$:
                                   1319 ;	./STM8S_StdPeriph_Driver/src/stm8s_clk.c: 680: }
                                   1320 ; genEndFunction
      0003FB 5B 01            [ 2] 1321 	addw	sp, #1
      0003FD 81               [ 4] 1322 	ret
                                   1323 ;	./STM8S_StdPeriph_Driver/src/stm8s_clk.c: 688: ITStatus CLK_GetITStatus(CLK_IT_TypeDef CLK_IT)
                                   1324 ; genLabel
                                   1325 ;	-----------------------------------------
                                   1326 ;	 function CLK_GetITStatus
                                   1327 ;	-----------------------------------------
                                   1328 ;	Register assignment is optimal.
                                   1329 ;	Stack space usage: 0 bytes.
      0003FE                       1330 _CLK_GetITStatus:
                                   1331 ;	./STM8S_StdPeriph_Driver/src/stm8s_clk.c: 695: if (CLK_IT == CLK_IT_SWIF)
                                   1332 ; genCmpEQorNE
      0003FE 7B 03            [ 1] 1333 	ld	a, (0x03, sp)
      000400 A1 1C            [ 1] 1334 	cp	a, #0x1c
      000402 26 03            [ 1] 1335 	jrne	00128$
      000404 CCr04r0A         [ 2] 1336 	jp	00129$
      000407                       1337 00128$:
      000407 CCr04r22         [ 2] 1338 	jp	00108$
      00040A                       1339 00129$:
                                   1340 ; skipping generated iCode
                                   1341 ;	./STM8S_StdPeriph_Driver/src/stm8s_clk.c: 698: if ((CLK->SWCR & (uint8_t)CLK_IT) == (uint8_t)0x0C)
                                   1342 ; genPointerGet
      00040A C6 50 C5         [ 1] 1343 	ld	a, 0x50c5
                                   1344 ; genAnd
      00040D 14 03            [ 1] 1345 	and	a, (0x03, sp)
                                   1346 ; genCmpEQorNE
      00040F A1 0C            [ 1] 1347 	cp	a, #0x0c
      000411 26 03            [ 1] 1348 	jrne	00131$
      000413 CCr04r19         [ 2] 1349 	jp	00132$
      000416                       1350 00131$:
      000416 CCr04r1E         [ 2] 1351 	jp	00102$
      000419                       1352 00132$:
                                   1353 ; skipping generated iCode
                                   1354 ;	./STM8S_StdPeriph_Driver/src/stm8s_clk.c: 700: bitstatus = SET;
                                   1355 ; genAssign
      000419 A6 01            [ 1] 1356 	ld	a, #0x01
                                   1357 ; genGoto
      00041B CCr04r37         [ 2] 1358 	jp	00109$
                                   1359 ; genLabel
      00041E                       1360 00102$:
                                   1361 ;	./STM8S_StdPeriph_Driver/src/stm8s_clk.c: 704: bitstatus = RESET;
                                   1362 ; genAssign
      00041E 4F               [ 1] 1363 	clr	a
                                   1364 ; genGoto
      00041F CCr04r37         [ 2] 1365 	jp	00109$
                                   1366 ; genLabel
      000422                       1367 00108$:
                                   1368 ;	./STM8S_StdPeriph_Driver/src/stm8s_clk.c: 710: if ((CLK->CSSR & (uint8_t)CLK_IT) == (uint8_t)0x0C)
                                   1369 ; genPointerGet
      000422 C6 50 C8         [ 1] 1370 	ld	a, 0x50c8
                                   1371 ; genAnd
      000425 14 03            [ 1] 1372 	and	a, (0x03, sp)
                                   1373 ; genCmpEQorNE
      000427 A1 0C            [ 1] 1374 	cp	a, #0x0c
      000429 26 03            [ 1] 1375 	jrne	00134$
      00042B CCr04r31         [ 2] 1376 	jp	00135$
      00042E                       1377 00134$:
      00042E CCr04r36         [ 2] 1378 	jp	00105$
      000431                       1379 00135$:
                                   1380 ; skipping generated iCode
                                   1381 ;	./STM8S_StdPeriph_Driver/src/stm8s_clk.c: 712: bitstatus = SET;
                                   1382 ; genAssign
      000431 A6 01            [ 1] 1383 	ld	a, #0x01
                                   1384 ; genGoto
      000433 CCr04r37         [ 2] 1385 	jp	00109$
                                   1386 ; genLabel
      000436                       1387 00105$:
                                   1388 ;	./STM8S_StdPeriph_Driver/src/stm8s_clk.c: 716: bitstatus = RESET;
                                   1389 ; genAssign
      000436 4F               [ 1] 1390 	clr	a
                                   1391 ; genLabel
      000437                       1392 00109$:
                                   1393 ;	./STM8S_StdPeriph_Driver/src/stm8s_clk.c: 721: return bitstatus;
                                   1394 ; genReturn
                                   1395 ; genLabel
      000437                       1396 00110$:
                                   1397 ;	./STM8S_StdPeriph_Driver/src/stm8s_clk.c: 722: }
                                   1398 ; genEndFunction
      000437 81               [ 4] 1399 	ret
                                   1400 ;	./STM8S_StdPeriph_Driver/src/stm8s_clk.c: 730: void CLK_ClearITPendingBit(CLK_IT_TypeDef CLK_IT)
                                   1401 ; genLabel
                                   1402 ;	-----------------------------------------
                                   1403 ;	 function CLK_ClearITPendingBit
                                   1404 ;	-----------------------------------------
                                   1405 ;	Register assignment is optimal.
                                   1406 ;	Stack space usage: 0 bytes.
      000438                       1407 _CLK_ClearITPendingBit:
                                   1408 ;	./STM8S_StdPeriph_Driver/src/stm8s_clk.c: 735: if (CLK_IT == (uint8_t)CLK_IT_CSSD)
                                   1409 ; genCmpEQorNE
      000438 7B 03            [ 1] 1410 	ld	a, (0x03, sp)
      00043A A1 0C            [ 1] 1411 	cp	a, #0x0c
      00043C 26 03            [ 1] 1412 	jrne	00112$
      00043E CCr04r44         [ 2] 1413 	jp	00113$
      000441                       1414 00112$:
      000441 CCr04r4F         [ 2] 1415 	jp	00102$
      000444                       1416 00113$:
                                   1417 ; skipping generated iCode
                                   1418 ;	./STM8S_StdPeriph_Driver/src/stm8s_clk.c: 738: CLK->CSSR &= (uint8_t)(~CLK_CSSR_CSSD);
                                   1419 ; genPointerGet
      000444 C6 50 C8         [ 1] 1420 	ld	a, 0x50c8
                                   1421 ; genAnd
      000447 A4 F7            [ 1] 1422 	and	a, #0xf7
                                   1423 ; genPointerSet
      000449 C7 50 C8         [ 1] 1424 	ld	0x50c8, a
                                   1425 ; genGoto
      00044C CCr04r57         [ 2] 1426 	jp	00104$
                                   1427 ; genLabel
      00044F                       1428 00102$:
                                   1429 ;	./STM8S_StdPeriph_Driver/src/stm8s_clk.c: 743: CLK->SWCR &= (uint8_t)(~CLK_SWCR_SWIF);
                                   1430 ; genPointerGet
      00044F C6 50 C5         [ 1] 1431 	ld	a, 0x50c5
                                   1432 ; genAnd
      000452 A4 F7            [ 1] 1433 	and	a, #0xf7
                                   1434 ; genPointerSet
      000454 C7 50 C5         [ 1] 1435 	ld	0x50c5, a
                                   1436 ; genLabel
      000457                       1437 00104$:
                                   1438 ;	./STM8S_StdPeriph_Driver/src/stm8s_clk.c: 746: }
                                   1439 ; genEndFunction
      000457 81               [ 4] 1440 	ret
                                   1441 	.area CODE
                                   1442 	.area CONST
      000000                       1443 _HSIDivFactor:
      000000 01                    1444 	.db #0x01	; 1
      000001 02                    1445 	.db #0x02	; 2
      000002 04                    1446 	.db #0x04	; 4
      000003 08                    1447 	.db #0x08	; 8
                                   1448 	.area INITIALIZER
                                   1449 	.area CABS (ABS)
